[10160:4068:0124/115833.234:WARNING:chrome_command_line_pref_store.cc(123)] Additional command-line proxy switches specified when --no-proxy-server was also specified.
[10160:4068:0124/115833.238:WARNING:chrome_command_line_pref_store.cc(123)] Additional command-line proxy switches specified when --no-proxy-server was also specified.
[10160:4068:0124/115833.321:WARNING:chrome_command_line_pref_store.cc(123)] Additional command-line proxy switches specified when --no-proxy-server was also specified.
[10160:4068:0124/115837.170:INFO:CONSOLE(4)] "empApi setting initialized true for : undefined", source: https://arc-phss--test.lightning.force.com/components/force/empApi.js (4)
[10160:4068:0124/115838.516:INFO:CONSOLE(38)] "[object Object]", source: https://arc-phss--test.lightning.force.com/libraries/instrumentation/beaconLib.BeaconLibrary.js (38)
[10160:4068:0124/115839.994:INFO:CONSOLE(1434)] "[object HTMLButtonElement]", source:  (1434)
[10160:4068:0124/115840.066:INFO:CONSOLE(1434)] "[object HTMLButtonElement]", source:  (1434)
[10160:4068:0124/115840.150:INFO:CONSOLE(1434)] "[object HTMLButtonElement]", source:  (1434)
[10160:4068:0124/115840.229:INFO:CONSOLE(1434)] "[object HTMLButtonElement]", source:  (1434)
[10160:4068:0124/115840.281:INFO:CONSOLE(1434)] "[object HTMLButtonElement]", source:  (1434)
[10160:4068:0124/115840.360:INFO:CONSOLE(1434)] "[object HTMLButtonElement]", source:  (1434)
[10160:4068:0124/115840.580:INFO:CONSOLE(1434)] "[object HTMLButtonElement]", source:  (1434)
[10160:4068:0124/115840.629:INFO:CONSOLE(1434)] "[object HTMLButtonElement]", source:  (1434)
[10160:4068:0124/115840.666:INFO:CONSOLE(1434)] "[object HTMLButtonElement]", source:  (1434)
[10160:4068:0124/115840.704:INFO:CONSOLE(1434)] "[object HTMLButtonElement]", source:  (1434)
[10160:4068:0124/115840.746:INFO:CONSOLE(1434)] "[object HTMLButtonElement]", source:  (1434)
[10160:4068:0124/115840.779:INFO:CONSOLE(1434)] "[object HTMLButtonElement]", source:  (1434)
[10160:4068:0124/115840.943:INFO:CONSOLE(1434)] "[object HTMLButtonElement]", source:  (1434)
[10160:4068:0124/115841.435:INFO:CONSOLE(1434)] "[object HTMLInputElement]", source:  (1434)
[10160:4068:0124/115841.470:INFO:CONSOLE(1434)] "[object HTMLInputElement]", source:  (1434)
[10160:4068:0124/115841.534:INFO:CONSOLE(1434)] "[object HTMLInputElement]", source:  (1434)
[10160:4068:0124/115841.587:INFO:CONSOLE(1434)] "[object HTMLInputElement]", source:  (1434)
[10160:4068:0124/115841.651:INFO:CONSOLE(1434)] "[object HTMLInputElement]", source:  (1434)
[10160:4068:0124/115841.695:INFO:CONSOLE(1434)] "[object HTMLInputElement]", source:  (1434)
[10160:4068:0124/115841.750:INFO:CONSOLE(1434)] "[object HTMLInputElement]", source:  (1434)
[10160:4068:0124/115841.833:INFO:CONSOLE(1434)] "[object HTMLInputElement]", source:  (1434)
[10160:4068:0124/115841.990:INFO:CONSOLE(1434)] "[object HTMLInputElement]", source:  (1434)
[10160:4068:0124/115842.058:INFO:CONSOLE(1434)] "[object HTMLInputElement]", source:  (1434)
[10160:4068:0124/115842.140:INFO:CONSOLE(1434)] "[object HTMLInputElement]", source:  (1434)
[10160:4068:0124/115842.278:INFO:CONSOLE(1434)] "[object HTMLInputElement]", source:  (1434)
[10160:4068:0124/115842.358:INFO:CONSOLE(1434)] "[object HTMLInputElement]", source:  (1434)
[10160:4068:0124/115842.529:INFO:CONSOLE(1434)] "[object HTMLInputElement]", source:  (1434)
[10160:4068:0124/115842.566:INFO:CONSOLE(1434)] "[object HTMLInputElement]", source:  (1434)
[10160:4068:0124/115842.626:INFO:CONSOLE(1434)] "[object HTMLInputElement]", source:  (1434)
[10160:4068:0124/115842.676:INFO:CONSOLE(1434)] "[object HTMLInputElement]", source:  (1434)
[10160:4068:0124/115842.719:INFO:CONSOLE(1434)] "[object HTMLInputElement]", source:  (1434)
[10160:4068:0124/115842.805:INFO:CONSOLE(1434)] "[object HTMLInputElement]", source:  (1434)
[10160:4068:0124/115842.853:INFO:CONSOLE(1434)] "[object HTMLInputElement]", source:  (1434)
[10160:4068:0124/115842.896:INFO:CONSOLE(1434)] "[object HTMLInputElement]", source:  (1434)
[10160:4068:0124/115842.938:INFO:CONSOLE(1434)] "[object HTMLInputElement]", source:  (1434)
[10160:4068:0124/115843.240:INFO:CONSOLE(1434)] "[object HTMLInputElement]", source:  (1434)
[10160:4068:0124/115843.358:INFO:CONSOLE(1434)] "[object HTMLInputElement]", source:  (1434)
[10160:4068:0124/115843.732:INFO:CONSOLE(1434)] "[object HTMLInputElement]", source:  (1434)
[10160:4068:0124/115843.820:INFO:CONSOLE(1434)] "[object HTMLInputElement]", source:  (1434)
[10160:4068:0124/115843.860:INFO:CONSOLE(1434)] "[object HTMLInputElement]", source:  (1434)
[10160:4068:0124/115846.093:INFO:CONSOLE(1434)] "[object HTMLButtonElement]", source:  (1434)
[10160:4068:0124/115846.130:INFO:CONSOLE(38)] "[object Object]", source: https://arc-phss--test.lightning.force.com/libraries/instrumentation/beaconLib.BeaconLibrary.js (38)
[10160:5820:0124/115848.291:ERROR:chrome_browser_main_extra_parts_metrics.cc(227)] START: ReportBluetoothAvailability(). If you don't see the END: message, this is crbug.com/1216328.
[10160:5820:0124/115848.292:ERROR:chrome_browser_main_extra_parts_metrics.cc(230)] END: ReportBluetoothAvailability()
[10160:5820:0124/115848.297:ERROR:chrome_browser_main_extra_parts_metrics.cc(235)] START: GetDefaultBrowser(). If you don't see the END: message, this is crbug.com/1216328.
[10160:4068:0124/115848.305:ERROR:device_event_log_impl.cc(214)] [11:58:48.305] Bluetooth: bluetooth_adapter_winrt.cc:1075 Getting Default Adapter failed.
[10160:5820:0124/115848.313:ERROR:chrome_browser_main_extra_parts_metrics.cc(239)] END: GetDefaultBrowser()
[10160:4068:0124/115848.890:INFO:CONSOLE(1434)] "[object HTMLAnchorElement]", source:  (1434)
[10160:4068:0124/115855.007:INFO:CONSOLE(38)] "[object Object]", source: https://arc-phss--test.lightning.force.com/libraries/instrumentation/beaconLib.BeaconLibrary.js (38)
[10160:4068:0124/115856.625:INFO:CONSOLE(1434)] "[object HTMLButtonElement]", source:  (1434)
[10160:4068:0124/115856.734:INFO:CONSOLE(1434)] "[object HTMLButtonElement]", source:  (1434)
[10160:4068:0124/115856.856:INFO:CONSOLE(1434)] "[object HTMLButtonElement]", source:  (1434)
[10160:4068:0124/115856.965:INFO:CONSOLE(1434)] "[object HTMLButtonElement]", source:  (1434)
[10160:4068:0124/115857.060:INFO:CONSOLE(1434)] "[object HTMLButtonElement]", source:  (1434)
[10160:4068:0124/115857.380:INFO:CONSOLE(1434)] "[object HTMLButtonElement]", source:  (1434)
[10160:4068:0124/115857.517:INFO:CONSOLE(1434)] "[object HTMLButtonElement]", source:  (1434)
[10160:4068:0124/115857.649:INFO:CONSOLE(1434)] "[object HTMLButtonElement]", source:  (1434)
[10160:4068:0124/115857.768:INFO:CONSOLE(1434)] "[object HTMLButtonElement]", source:  (1434)
[10160:4068:0124/115857.856:INFO:CONSOLE(1434)] "[object HTMLButtonElement]", source:  (1434)
[10160:4068:0124/115857.943:INFO:CONSOLE(1434)] "[object HTMLButtonElement]", source:  (1434)
[10160:4068:0124/115858.047:INFO:CONSOLE(1434)] "[object HTMLButtonElement]", source:  (1434)
[10160:4068:0124/115858.307:INFO:CONSOLE(1434)] "[object HTMLAnchorElement]", source:  (1434)
[10160:4068:0124/115858.395:INFO:CONSOLE(1434)] "[object HTMLAnchorElement]", source:  (1434)
[10160:4068:0124/115858.500:INFO:CONSOLE(1434)] "[object HTMLAnchorElement]", source:  (1434)
[10160:4068:0124/115858.579:INFO:CONSOLE(1434)] "[object HTMLAnchorElement]", source:  (1434)
[10160:4068:0124/115858.679:INFO:CONSOLE(1434)] "[object HTMLAnchorElement]", source:  (1434)
[10160:4068:0124/115858.905:INFO:CONSOLE(1434)] "[object HTMLAnchorElement]", source:  (1434)
[10160:4068:0124/115859.020:INFO:CONSOLE(1434)] "[object HTMLAnchorElement]", source:  (1434)
[10160:4068:0124/115859.186:INFO:CONSOLE(1434)] "[object HTMLAnchorElement]", source:  (1434)
[10160:4068:0124/115859.297:INFO:CONSOLE(1434)] "[object HTMLAnchorElement]", source:  (1434)
[10160:4068:0124/115859.406:INFO:CONSOLE(1434)] "[object HTMLAnchorElement]", source:  (1434)
[10160:4068:0124/115859.521:INFO:CONSOLE(1434)] "[object HTMLAnchorElement]", source:  (1434)
[10160:4068:0124/115859.630:INFO:CONSOLE(1434)] "[object HTMLAnchorElement]", source:  (1434)
[10160:4068:0124/115859.728:INFO:CONSOLE(1434)] "[object HTMLAnchorElement]", source:  (1434)
[10160:4068:0124/115859.854:INFO:CONSOLE(1434)] "[object HTMLAnchorElement]", source:  (1434)
[10160:4068:0124/115859.964:INFO:CONSOLE(1434)] "[object HTMLAnchorElement]", source:  (1434)
[10160:4068:0124/115900.081:INFO:CONSOLE(1434)] "[object HTMLAnchorElement]", source:  (1434)
[10160:4068:0124/115903.971:INFO:CONSOLE(4)] "empApi setting initialized true for : undefined", source: https://test-americanredcross.cs63.force.com/components/force/empApi.js (4)
[10160:4068:0124/115904.387:INFO:CONSOLE(1434)] "[object HTMLButtonElement]", source:  (1434)
[10160:4068:0124/115904.427:INFO:CONSOLE(15)] "[Snap-ins] Warning: Embedded Service Chat may not function correctly with this native JS function modified: document.addEventListener", source: https://service.force.com/embeddedservice/5.0/esw.min.js (15)
[10160:4068:0124/115904.428:INFO:CONSOLE(15)] "[Snap-ins] Warning: Embedded Service Chat may not function correctly with this native JS function modified: document.getElementById", source: https://service.force.com/embeddedservice/5.0/esw.min.js (15)
[10160:4068:0124/115904.428:INFO:CONSOLE(15)] "[Snap-ins] Warning: Embedded Service Chat may not function correctly with this native JS function modified: document.getElementsByTagName", source: https://service.force.com/embeddedservice/5.0/esw.min.js (15)
[10160:4068:0124/115904.428:INFO:CONSOLE(15)] "[Snap-ins] Warning: Embedded Service Chat may not function correctly with this native JS function modified: document.getElementsByClassName", source: https://service.force.com/embeddedservice/5.0/esw.min.js (15)
[10160:4068:0124/115904.428:INFO:CONSOLE(15)] "[Snap-ins] Warning: Embedded Service Chat may not function correctly with this native JS function modified: document.querySelector", source: https://service.force.com/embeddedservice/5.0/esw.min.js (15)
[10160:4068:0124/115904.428:INFO:CONSOLE(15)] "[Snap-ins] Warning: Embedded Service Chat may not function correctly with this native JS function modified: document.querySelectorAll", source: https://service.force.com/embeddedservice/5.0/esw.min.js (15)
[10160:4068:0124/115904.428:INFO:CONSOLE(15)] "[Snap-ins] Warning: Embedded Service Chat may not function correctly with this native JS function modified: document.removeEventListener", source: https://service.force.com/embeddedservice/5.0/esw.min.js (15)
[10160:4068:0124/115904.428:INFO:CONSOLE(15)] "[Snap-ins] Warning: Embedded Service Chat may not function correctly with this native JS function modified: window.addEventListener", source: https://service.force.com/embeddedservice/5.0/esw.min.js (15)
[10160:4068:0124/115904.428:INFO:CONSOLE(15)] "[Snap-ins] Warning: Embedded Service Chat may not function correctly with this native JS function modified: window.removeEventListener", source: https://service.force.com/embeddedservice/5.0/esw.min.js (15)
[10160:4068:0124/115904.455:INFO:CONSOLE(1434)] "[object HTMLButtonElement]", source:  (1434)
[10160:4068:0124/115904.510:INFO:CONSOLE(1434)] "[object HTMLButtonElement]", source:  (1434)
[10160:4068:0124/115904.542:INFO:CONSOLE(34)] "***storeResponse***Customer Community Plus Login", source: https://test-americanredcross.cs63.force.com/learner/s/components/c/CourseRecordEntry.js (34)
[10160:4068:0124/115904.544:INFO:CONSOLE(772)] "response..{"address1":"","address2":"","city":"","classFormat":"","courseName":"","regType":"","sessionList":[{"classDate":"","endTime":"","startTime":"","timeZone":""}],"siteName":"","state":"","timeZoneList":{"US/Eastern":"America/New_York","US/Central":"America/Chicago","US/Mountain":"America/Denver","US/Pacific":"America/Los_Angeles","US/Alaska":"America/Anchorage","US/Arizona":"America/Phoenix","US/Hawaii":"Pacific/Honolulu","America/Puerto_Rico":"America/Puerto_Rico","Asia/Bahrain":"Africa/Nairobi","Africa/Djibouti":"Africa/Nairobi","Europe/Germany":"Europe/Berlin","Europe/Poland":"Europe/Berlin","Europe/Italy":"Europe/Rome","Europe/UK":"Europe/London","Asia/Iraq":"Asia/Baghdad","Asia/South Korea":"Asia/Seoul","Asia/Japan":"Asia/Tokyo"},"zip":""}", source: https://test-americanredcross.cs63.force.com/learner/s/components/c/RequestBlendedClass.js (772)
[10160:4068:0124/115904.545:INFO:CONSOLE(781)] "map..[object Object],[object Object],[object Object],[object Object],[object Object],[object Object],[object Object],[object Object],[object Object],[object Object],[object Object],[object Object],[object Object],[object Object],[object Object],[object Object],[object Object]", source: https://test-americanredcross.cs63.force.com/learner/s/components/c/RequestBlendedClass.js (781)
[10160:4068:0124/115904.884:INFO:CONSOLE(1434)] "[object HTMLButtonElement]", source:  (1434)
[10160:4068:0124/115905.102:INFO:CONSOLE(1434)] "[object HTMLButtonElement]", source:  (1434)
[10160:4068:0124/115905.171:INFO:CONSOLE(1434)] "[object HTMLButtonElement]", source:  (1434)
[10160:4068:0124/115905.222:INFO:CONSOLE(1434)] "[object HTMLButtonElement]", source:  (1434)
[10160:4068:0124/115905.338:INFO:CONSOLE(1434)] "[object HTMLButtonElement]", source:  (1434)
[10160:4068:0124/115905.386:INFO:CONSOLE(1434)] "[object HTMLButtonElement]", source:  (1434)
[10160:4068:0124/115905.456:INFO:CONSOLE(1434)] "[object HTMLButtonElement]", source:  (1434)
[10160:4068:0124/115905.553:INFO:CONSOLE(1434)] "[object HTMLButtonElement]", source:  (1434)
[10160:4068:0124/115905.776:INFO:CONSOLE(14)] "Refused to create a worker from 'blob:https://test-americanredcross.cs63.force.com/9ddbc8ff-c5ed-4036-a68b-5c00abe9cd76' because it violates the following Content Security Policy directive: "script-src * 'unsafe-inline' 'unsafe-eval'". Note that 'worker-src' was not explicitly set, so 'script-src' is used as a fallback.
", source: https://d10lpsik1i8c69.cloudfront.net/js/clickstream.js?v=6ea758b (14)
[10160:4068:0124/115907.676:INFO:CONSOLE(1434)] "[object HTMLAnchorElement]", source:  (1434)
[10160:4068:0124/115907.733:INFO:CONSOLE(1434)] "[object HTMLAnchorElement]", source:  (1434)
[10160:4068:0124/115907.802:INFO:CONSOLE(1434)] "[object HTMLAnchorElement]", source:  (1434)
[10160:4068:0124/115907.852:INFO:CONSOLE(1434)] "[object HTMLAnchorElement]", source:  (1434)
[10160:4068:0124/115907.906:INFO:CONSOLE(1434)] "[object HTMLAnchorElement]", source:  (1434)
[10160:4068:0124/115908.078:INFO:CONSOLE(38)] "[object Object]", source: https://test-americanredcross.cs63.force.com/libraries/instrumentation/beaconLib.BeaconLibrary.js (38)
[10160:4068:0124/115908.192:INFO:CONSOLE(1434)] "[object HTMLAnchorElement]", source:  (1434)
[10160:4068:0124/115908.297:INFO:CONSOLE(1434)] "[object HTMLAnchorElement]", source:  (1434)
[10160:4068:0124/115908.419:INFO:CONSOLE(1434)] "[object HTMLAnchorElement]", source:  (1434)
[10160:4068:0124/115908.477:INFO:CONSOLE(1434)] "[object HTMLAnchorElement]", source:  (1434)
[10160:4068:0124/115908.532:INFO:CONSOLE(1434)] "[object HTMLAnchorElement]", source:  (1434)
[10160:4068:0124/115908.590:INFO:CONSOLE(1434)] "[object HTMLAnchorElement]", source:  (1434)
[10160:4068:0124/115908.634:INFO:CONSOLE(1434)] "[object HTMLAnchorElement]", source:  (1434)
[10160:4068:0124/115908.678:INFO:CONSOLE(1434)] "[object HTMLAnchorElement]", source:  (1434)
[10160:4068:0124/115908.744:INFO:CONSOLE(1434)] "[object HTMLAnchorElement]", source:  (1434)
[10160:4068:0124/115908.781:INFO:CONSOLE(1434)] "[object HTMLAnchorElement]", source:  (1434)
[10160:4068:0124/115908.828:INFO:CONSOLE(1434)] "[object HTMLAnchorElement]", source:  (1434)
[10160:4068:0124/115908.863:INFO:CONSOLE(1434)] "[object HTMLAnchorElement]", source:  (1434)
[10160:4068:0124/115909.438:INFO:CONSOLE(51)] "Loading lightning component: PHSS_ClassListInstructorView", source: https://test-americanredcross.cs63.force.com/learner/apex/GeneratePDFHelper?tour=&isdtp=p1&sfdcIFrameOrigin=https://test-americanredcross.cs63.force.com&nonce=fd508144e725739f99f3726b36067cccebada6d436e87ba55a493814a3597c1c&clc=0&sfdcIFrameHost=web (51)
[10160:4068:0124/115909.468:INFO:CONSOLE(154)] "[LEXI:navigator:communication] waiting for connection on page /learner/apex/GeneratePDFHelper", source: https://test-americanredcross.cs63.force.com/learner/jslibrary/1635874030236/sfdc/AuraAlohaFrameNavigator.js (154)
[10160:4068:0124/115909.627:INFO:CONSOLE(38)] "[object Object]", source: https://test-americanredcross.cs63.force.com/libraries/instrumentation/beaconLib.BeaconLibrary.js (38)
[10160:4068:0124/115911.182:INFO:CONSOLE(1434)] "[object HTMLIFrameElement]", source:  (1434)
[10160:4068:0124/115911.207:INFO:CONSOLE(1434)] "[object HTMLIFrameElement]", source:  (1434)
[10160:4068:0124/115913.387:INFO:CONSOLE(1434)] "[object HTMLSelectElement]", source:  (1434)
[10160:4068:0124/115913.439:INFO:CONSOLE(1434)] "[object HTMLSelectElement]", source:  (1434)
[10160:4068:0124/115913.479:INFO:CONSOLE(1434)] "[object HTMLSelectElement]", source:  (1434)
[10160:4068:0124/115913.531:INFO:CONSOLE(1434)] "[object HTMLSelectElement]", source:  (1434)
[10160:4068:0124/115913.585:INFO:CONSOLE(1434)] "[object HTMLSelectElement]", source:  (1434)
[10160:4068:0124/115913.637:INFO:CONSOLE(1434)] "[object HTMLSelectElement]", source:  (1434)
[10160:4068:0124/115913.694:INFO:CONSOLE(1434)] "[object HTMLSelectElement]", source:  (1434)
[10160:4068:0124/115913.737:INFO:CONSOLE(1434)] "[object HTMLSelectElement]", source:  (1434)
[10160:4068:0124/115913.785:INFO:CONSOLE(1434)] "[object HTMLSelectElement]", source:  (1434)
[10160:4068:0124/115913.829:INFO:CONSOLE(1434)] "[object HTMLSelectElement]", source:  (1434)
[10160:4068:0124/115913.874:INFO:CONSOLE(1434)] "[object HTMLSelectElement]", source:  (1434)
[10160:4068:0124/115913.921:INFO:CONSOLE(1434)] "[object HTMLSelectElement]", source:  (1434)
[10160:4068:0124/115914.061:INFO:CONSOLE(1434)] "[object HTMLSelectElement]", source:  (1434)
[10160:4068:0124/115914.100:INFO:CONSOLE(1434)] "[object HTMLSelectElement]", source:  (1434)
[10160:4068:0124/115914.150:INFO:CONSOLE(1434)] "[object HTMLSelectElement]", source:  (1434)
[10160:4068:0124/115914.225:INFO:CONSOLE(1434)] "[object HTMLSelectElement]", source:  (1434)
[10160:4068:0124/115914.473:INFO:CONSOLE(1434)] "[object HTMLIFrameElement]", source:  (1434)
[10160:4068:0124/115914.505:INFO:CONSOLE(1434)] "[object HTMLIFrameElement]", source:  (1434)
[10160:4068:0124/115914.675:INFO:CONSOLE(174)] "DCG!! result: [{"Id":"ALL","Name":"ALL"},{"Id":"0050V0000062CCpQAM","Name":"Adam Kristick"},{"Id":"0050V000006lfToQAI","Name":"Alison Smith"},{"Id":"005d0000005pOfzAAE","Name":"Ann Kress"},{"Id":"0053o0000082ZT5AAM","Name":"Ashley David"},{"Id":"0053o000008XqOjAAK","Name":"Austin Nye"},{"Id":"005d0000005opI6AAI","Name":"Blair Crosscup"},{"Id":"0050V000006curzQAA","Name":"Brian Bonn"},{"Id":"0050V000006lwT5QAI","Name":"Brooke Bartko"},{"Id":"0050V000007LzqQQAS","Name":"Chloe Goddard"},{"Id":"0050V0000074pl6QAA","Name":"Chris Long"},{"Id":"005d0000005oCQWAA2","Name":"Cineva Smith"},{"Id":"0050V000007uPGDQA2","Name":"Conor Russo"},{"Id":"0053o000008cxcXAAQ","Name":"Dallas Kane"},{"Id":"0050V000007MDvFQAW","Name":"Darlene Union"},{"Id":"0053o000008ofFeAAI","Name":"Dave Hardy"},{"Id":"0053o0000083PfRAAU","Name":"Dawn DeCicco"},{"Id":"0050V0000074Iv4QAE","Name":"Douglas Deane"},{"Id":"005d0000005pPz0AAE","Name":"Hannah McMillen"},{"Id":"0053o000009Hm7vAAC","Name":"Hannahlore Debenham"},{"Id":"0050V000007uPGQQA2","Name":"Harrison Curnutte"},{"Id":"0053o00000841TjAAI","Name":"Hayley Lynch"},{"Id":"0053o000009UC4WAAW","Name":"Houston Howell"},{"Id":"005d0000005pMsTAAU","Name":"Jackson O'Brien"},{"Id":"0053o0000091X2TAAU","Name":"Jacob Kuney"},{"Id":"005d0000005oBUvAAM","Name":"Jennifer Kitzmiller"},{"Id":"0053o0000082djaAAA","Name":"Jeremy Mortorff"},{"Id":"0050V000007411pQAA","Name":"Jeremy Simon"},{"Id":"0053o000008dbJVAAY","Name":"Jill Black"},{"Id":"0050V000007twPoQAI","Name":"Joe DeMario"},{"Id":"0053o000008VCoNAAW","Name":"Kathy Long"},{"Id":"0050V000007MovlQAC","Name":"Kenneth Mihalyov"},{"Id":"0050V000006K1uRQAS","Name":"Krysia Rieker"},{"Id":"0053o000009TFHgAAO","Name":"Luke Myers"},{"Id":"005d0000005p54CAAQ","Name":"Maria Reusing"},{"Id":"0053o0000095L59AAE","Name":"Mark Fye"},{"Id":"0050V000007MowYQAS","Name":"Nicholas Budzynski"},{"Id":"005d0000005pNyOAAU","Name":"Nichole Batiz"},{"Id":"0053o00000932srAAA","Name":"Nick Budzynski"},{"Id":"005d0000005oQhEAAU","Name":"Owen Long"},{"Id":"0053o000009JKYhAAO","Name":"Savannah Black"},{"Id":"005d0000005pbOuAAI","Name":"Tayler Thorne"},{"Id":"0050V000007txT7QAI","Name":"Zacharias Callis"}]", source: https://test-americanredcross.cs63.force.com/learner/apex/components/c/PHSS_ClassListInstructorView.js (174)
[10160:4068:0124/115916.627:INFO:CONSOLE(1434)] "[object HTMLSelectElement]", source:  (1434)
[10160:4068:0124/115916.662:INFO:CONSOLE(1434)] "[object HTMLSelectElement]", source:  (1434)
[10160:4068:0124/115916.702:INFO:CONSOLE(1434)] "[object HTMLSelectElement]", source:  (1434)
[10160:4068:0124/115916.730:INFO:CONSOLE(1434)] "[object HTMLSelectElement]", source:  (1434)
[10160:4068:0124/115916.768:INFO:CONSOLE(1434)] "[object HTMLSelectElement]", source:  (1434)
[10160:4068:0124/115916.813:INFO:CONSOLE(1434)] "[object HTMLSelectElement]", source:  (1434)
[10160:4068:0124/115916.866:INFO:CONSOLE(1434)] "[object HTMLSelectElement]", source:  (1434)
[10160:4068:0124/115916.906:INFO:CONSOLE(1434)] "[object HTMLSelectElement]", source:  (1434)
[10160:4068:0124/115916.940:INFO:CONSOLE(1434)] "[object HTMLSelectElement]", source:  (1434)
[10160:4068:0124/115917.040:INFO:CONSOLE(1434)] "[object HTMLSelectElement]", source:  (1434)
[10160:4068:0124/115917.124:INFO:CONSOLE(1434)] "[object HTMLSelectElement]", source:  (1434)
[10160:4068:0124/115917.222:INFO:CONSOLE(1434)] "[object HTMLSelectElement]", source:  (1434)
[10160:4068:0124/115917.478:INFO:CONSOLE(1434)] "[object HTMLSelectElement]", source:  (1434)
[10160:4068:0124/115917.569:INFO:CONSOLE(1434)] "[object HTMLSelectElement]", source:  (1434)
[10160:4068:0124/115917.642:INFO:CONSOLE(1434)] "[object HTMLSelectElement]", source:  (1434)
[10160:4068:0124/115917.901:INFO:CONSOLE(1434)] "[object HTMLSelectElement]", source:  (1434)
[10160:4068:0124/115918.449:INFO:CONSOLE(192)] "account..0010V00002NuadLQAR", source: https://test-americanredcross.cs63.force.com/learner/apex/components/c/PHSS_ClassListInstructorView.js (192)
[10160:4068:0124/115918.449:INFO:CONSOLE(193)] "instructor..0053o00000841TjAAI", source: https://test-americanredcross.cs63.force.com/learner/apex/components/c/PHSS_ClassListInstructorView.js (193)
[10160:4068:0124/115918.572:INFO:CONSOLE(1434)] "[object HTMLIFrameElement]", source:  (1434)
[10160:4068:0124/115918.604:INFO:CONSOLE(1434)] "[object HTMLIFrameElement]", source:  (1434)
[10160:4068:0124/115918.608:INFO:CONSOLE(244)] "sortField = startDate", source: https://test-americanredcross.cs63.force.com/learner/apex/components/c/PHSS_ClassListInstructorView.js (244)
[10160:4068:0124/115918.608:INFO:CONSOLE(245)] "sortOrder = asc", source: https://test-americanredcross.cs63.force.com/learner/apex/components/c/PHSS_ClassListInstructorView.js (245)
[10160:4068:0124/115920.741:INFO:CONSOLE(1434)] "[object HTMLAnchorElement]", source:  (1434)
[10160:4068:0124/115920.784:INFO:CONSOLE(1434)] "[object HTMLAnchorElement]", source:  (1434)
[10160:4068:0124/115920.846:INFO:CONSOLE(1434)] "[object HTMLAnchorElement]", source:  (1434)
[10160:4068:0124/115920.874:INFO:CONSOLE(1434)] "[object HTMLAnchorElement]", source:  (1434)
[10160:4068:0124/115920.914:INFO:CONSOLE(1434)] "[object HTMLAnchorElement]", source:  (1434)
[10160:4068:0124/115921.049:INFO:CONSOLE(1434)] "[object HTMLAnchorElement]", source:  (1434)
[10160:4068:0124/115921.092:INFO:CONSOLE(1434)] "[object HTMLAnchorElement]", source:  (1434)
[10160:4068:0124/115921.151:INFO:CONSOLE(1434)] "[object HTMLAnchorElement]", source:  (1434)
[10160:4068:0124/115921.203:INFO:CONSOLE(1434)] "[object HTMLAnchorElement]", source:  (1434)
[10160:4068:0124/115921.259:INFO:CONSOLE(1434)] "[object HTMLAnchorElement]", source:  (1434)
[10160:4068:0124/115921.314:INFO:CONSOLE(1434)] "[object HTMLAnchorElement]", source:  (1434)
[10160:4068:0124/115921.359:INFO:CONSOLE(1434)] "[object HTMLAnchorElement]", source:  (1434)
[10160:4068:0124/115921.402:INFO:CONSOLE(1434)] "[object HTMLAnchorElement]", source:  (1434)
[10160:4068:0124/115921.447:INFO:CONSOLE(1434)] "[object HTMLAnchorElement]", source:  (1434)
[10160:4068:0124/115921.482:INFO:CONSOLE(1434)] "[object HTMLAnchorElement]", source:  (1434)
[10160:4068:0124/115921.626:INFO:CONSOLE(1434)] "[object HTMLAnchorElement]", source:  (1434)
[10160:4068:0124/115921.642:INFO:CONSOLE(192)] "account..0010V00002NuadLQAR", source: https://test-americanredcross.cs63.force.com/learner/apex/components/c/PHSS_ClassListInstructorView.js (192)
[10160:4068:0124/115921.643:INFO:CONSOLE(193)] "instructor..0053o00000841TjAAI", source: https://test-americanredcross.cs63.force.com/learner/apex/components/c/PHSS_ClassListInstructorView.js (193)
[10160:4068:0124/115921.769:INFO:CONSOLE(1434)] "[object HTMLIFrameElement]", source:  (1434)
[10160:4068:0124/115921.796:INFO:CONSOLE(1434)] "[object HTMLIFrameElement]", source:  (1434)
[10160:4068:0124/115922.469:INFO:CONSOLE(244)] "sortField = startDate", source: https://test-americanredcross.cs63.force.com/learner/apex/components/c/PHSS_ClassListInstructorView.js (244)
[10160:4068:0124/115922.470:INFO:CONSOLE(245)] "sortOrder = desc", source: https://test-americanredcross.cs63.force.com/learner/apex/components/c/PHSS_ClassListInstructorView.js (245)
[10160:4068:0124/115923.916:INFO:CONSOLE(1434)] "[object HTMLAnchorElement]", source:  (1434)
[10160:4068:0124/115923.959:INFO:CONSOLE(1434)] "[object HTMLAnchorElement]", source:  (1434)
[10160:4068:0124/115924.016:INFO:CONSOLE(1434)] "[object HTMLAnchorElement]", source:  (1434)
[10160:4068:0124/115924.067:INFO:CONSOLE(1434)] "[object HTMLAnchorElement]", source:  (1434)
[10160:4068:0124/115924.147:INFO:CONSOLE(1434)] "[object HTMLAnchorElement]", source:  (1434)
[10160:4068:0124/115924.455:INFO:CONSOLE(1434)] "[object HTMLAnchorElement]", source:  (1434)
[10160:4068:0124/115924.525:INFO:CONSOLE(1434)] "[object HTMLAnchorElement]", source:  (1434)
[10160:4068:0124/115924.601:INFO:CONSOLE(1434)] "[object HTMLAnchorElement]", source:  (1434)
[10160:4068:0124/115924.672:INFO:CONSOLE(1434)] "[object HTMLAnchorElement]", source:  (1434)
[10160:4068:0124/115924.750:INFO:CONSOLE(1434)] "[object HTMLAnchorElement]", source:  (1434)
[10160:4068:0124/115924.800:INFO:CONSOLE(1434)] "[object HTMLAnchorElement]", source:  (1434)
[10160:4068:0124/115924.880:INFO:CONSOLE(1434)] "[object HTMLAnchorElement]", source:  (1434)
[10160:4068:0124/115924.922:INFO:CONSOLE(1434)] "[object HTMLAnchorElement]", source:  (1434)
[10160:4068:0124/115924.968:INFO:CONSOLE(1434)] "[object HTMLAnchorElement]", source:  (1434)
[10160:4068:0124/115925.007:INFO:CONSOLE(1434)] "[object HTMLAnchorElement]", source:  (1434)
[10160:4068:0124/115925.092:INFO:CONSOLE(1434)] "[object HTMLAnchorElement]", source:  (1434)
[10160:4068:0124/115926.971:INFO:CONSOLE(423)] "inside fetchClassDetails", source: https://test-americanredcross.cs63.force.com/learner/s/components/c/PHSS_CloseClass.js (423)
[10160:4068:0124/115926.972:INFO:CONSOLE(428)] "recordId..a653o000001zK5QAAU", source: https://test-americanredcross.cs63.force.com/learner/s/components/c/PHSS_CloseClass.js (428)
[10160:4068:0124/115926.978:INFO:CONSOLE(11)] "recordId..a653o000001zK5QAAU", source: https://test-americanredcross.cs63.force.com/learner/s/components/c/CancelClassRBC.js (11)
[10160:4068:0124/115927.239:INFO:CONSOLE(1)] "<lightning-spinner> The alternativeText attribute should not be empty. Please add a description of what is causing the wait.", source: https://test-americanredcross.cs63.force.com/components/lightning/spinner.js (1)
[10160:4068:0124/115927.285:INFO:CONSOLE(1)] "<lightning-spinner> The alternativeText attribute should not be empty. Please add a description of what is causing the wait.", source: https://test-americanredcross.cs63.force.com/components/lightning/spinner.js (1)
[10160:4068:0124/115927.343:INFO:CONSOLE(1)] "<lightning-spinner> The alternativeText attribute should not be empty. Please add a description of what is causing the wait.", source: https://test-americanredcross.cs63.force.com/components/lightning/spinner.js (1)
[10160:4068:0124/115927.344:INFO:CONSOLE(1)] "<lightning-spinner> The alternativeText attribute should not be empty. Please add a description of what is causing the wait.", source: https://test-americanredcross.cs63.force.com/components/lightning/spinner.js (1)
[10160:4068:0124/115927.637:INFO:CONSOLE(4)] "empApi setting initialized true for : undefined", source: https://test-americanredcross.cs63.force.com/components/force/empApi.js (4)
[10160:4068:0124/115927.640:INFO:CONSOLE(436)] "fetchClassDetails response..{"Account":"Sertified.","ccProdId":"a4o0V000000oYCqQAM","classclosed":false,"CourseName":"Lifeguarding-BL","EndDate":"12/19/2021","futureDate":false,"Instructor1":"Hayley Lynch","Location":"4331 Montgomery Rd.,Ellicott City,MD,21043","lsgralist":["Successful","Unsuccessful","Not Evaluated"],"lsrealist":["Did not successfully complete course all objectives","Failed written exam","Unable to perform one or more skills","Did not attend all course sessions","Did not desire grade/certificate","Arrangements to complete course objectives"],"lstStudents":[{"Email":"test@test.com","FirstName":"TestLearnerFN","LastName":"TestLearnerLN","Phone":"8755554233","Reason":"","Roster":"a6A6C000000DWpgUAG"},{"Email":"unikxzglew7@test.com","FirstName":"TestLearnerFN","LastName":"TestLearnerLN","Phone":"8755554233","Reason":"","Roster":"a6A6C000000DWyKUAW"},{"Email":"unikxzgre7x@test.com","FirstName":"TestLearnerFN","LastName":"TestLearnerLN","Phone":"8755554233","Reason":"","Roster":"a6A6C000000DWyPUAW"},{"Email":"unikxzgzl6e@test.com","FirstName":"TestLearnerFN","LastName":"TestLearnerLN","Phone":"8755554233","Reason":"","Roster":"a6A6C000000DWyZUAW"},{"Email":"unikxzh3fbd@test.com","FirstName":"TestLearnerFN","LastName":"TestLearnerLN","Phone":"8755554233","Reason":"","Roster":"a6A6C000000DWyeUAG"},{"Email":"uniky4ijflw@test.com","FirstName":"TestLearnerFN","LastName":"TestLearnerLN","Phone":"8755554233","Reason":"","Roster":"a6A6C000000DXXsUAO"},{"Email":"uniky9f61fb@test.com","FirstName":"TestLearnerFN","LastName":"TestLearnerLN","Phone":"8755554233","Reason":"","Roster":"a6A6C000000DXbqUAG"},{"Email":"uniky9gpco4@test.com","FirstName":"TestLearnerFN","LastName":"TestLearnerLN","Phone":"8755554233","Reason":"","Roster":"a6A6C000000DXcLUAW"},{"Email":"unikyq55qps@test.com","FirstName":"TestLearnerFN","LastName":"TestLearnerLN","Phone":"8755554233","Reason":"","Roster":"a6A6C000000DYAmUAO"},{"Email":"unikysvy4r9@test.com","FirstName":"TestLearnerFN","LastName":"TestLearnerLN","Phone":"8755554233","Reason":"","Roster":"a6A6C000000DYCFUA4"}],"oppId":"0063o000015xlJ7AAI","RequestType":"LTP/AP","SessionId":"a6B3o000002O76GEAS","SuppInfo":"Friday evening session is virtual on Google Meet"}", source: https://test-americanredcross.cs63.force.com/learner/s/components/c/PHSS_CloseClass.js (436)
[10160:4068:0124/115927.641:INFO:CONSOLE(447)] "v.numberOfStudentsList :[object Object],[object Object],[object Object],[object Object],[object Object],[object Object],[object Object],[object Object],[object Object],[object Object]", source: https://test-americanredcross.cs63.force.com/learner/s/components/c/PHSS_CloseClass.js (447)
[10160:4068:0124/115927.641:INFO:CONSOLE(459)] "v.Emptystudentlist :10", source: https://test-americanredcross.cs63.force.com/learner/s/components/c/PHSS_CloseClass.js (459)
[10160:4068:0124/115927.641:INFO:CONSOLE(461)] "v.Students :10", source: https://test-americanredcross.cs63.force.com/learner/s/components/c/PHSS_CloseClass.js (461)
[10160:4068:0124/115927.642:INFO:CONSOLE(475)] "close clas value..false", source: https://test-americanredcross.cs63.force.com/learner/s/components/c/PHSS_CloseClass.js (475)
[10160:4068:0124/115927.643:INFO:CONSOLE(298)] "isCOmmunity..false", source: https://test-americanredcross.cs63.force.com/learner/s/components/c/PHSS_CloseClass.js (298)
[10160:4068:0124/115927.644:INFO:CONSOLE(86)] "[object Object]", source: https://test-americanredcross.cs63.force.com/learner/s/components/c/CancelClassRBC.js (86)
[10160:4068:0124/115927.750:INFO:CONSOLE(1434)] "[object HTMLAnchorElement]", source:  (1434)
[10160:4068:0124/115927.762:INFO:CONSOLE(383)] "This IS NOT a Learn-to-Swim class", source: https://test-americanredcross.cs63.force.com/learner/s/components/c/PHSS_CloseClass.js (383)
[10160:4068:0124/115927.940:INFO:CONSOLE(1434)] "[object HTMLAnchorElement]", source:  (1434)
[10160:4068:0124/115927.954:INFO:CONSOLE(8)] "not valid - should have positive value:  [object Object]", source: https://test-americanredcross.cs63.force.com/learner/resource/1558060115000/RCUilib/jsLibs/d3pie.min.js (8)
[10160:4068:0124/115927.967:INFO:CONSOLE(14)] "Refused to create a worker from 'blob:https://test-americanredcross.cs63.force.com/441d99ef-8ce3-475c-bc58-be4257a68218' because it violates the following Content Security Policy directive: "script-src * 'unsafe-inline' 'unsafe-eval'". Note that 'worker-src' was not explicitly set, so 'script-src' is used as a fallback.
", source: https://d10lpsik1i8c69.cloudfront.net/js/clickstream.js?v=6ea758b (14)
[10160:4068:0124/115928.276:INFO:CONSOLE(1434)] "[object HTMLAnchorElement]", source:  (1434)
[10160:4068:0124/115928.378:INFO:CONSOLE(1434)] "[object HTMLAnchorElement]", source:  (1434)
[10160:4068:0124/115928.413:INFO:CONSOLE(38)] "[object Object]", source: https://test-americanredcross.cs63.force.com/libraries/instrumentation/beaconLib.BeaconLibrary.js (38)
[10160:4068:0124/115928.455:INFO:CONSOLE(1434)] "[object HTMLAnchorElement]", source:  (1434)
[10160:4068:0124/115928.612:INFO:CONSOLE(1434)] "[object HTMLAnchorElement]", source:  (1434)
[10160:4068:0124/115928.664:INFO:CONSOLE(1434)] "[object HTMLAnchorElement]", source:  (1434)
[10160:4068:0124/115928.729:INFO:CONSOLE(1434)] "[object HTMLAnchorElement]", source:  (1434)
[10160:4068:0124/115928.783:INFO:CONSOLE(1434)] "[object HTMLAnchorElement]", source:  (1434)
[10160:4068:0124/115928.838:INFO:CONSOLE(1434)] "[object HTMLAnchorElement]", source:  (1434)
[10160:4068:0124/115928.889:INFO:CONSOLE(1434)] "[object HTMLAnchorElement]", source:  (1434)
[10160:4068:0124/115928.937:INFO:CONSOLE(1434)] "[object HTMLAnchorElement]", source:  (1434)
[10160:4068:0124/115928.978:INFO:CONSOLE(1434)] "[object HTMLAnchorElement]", source:  (1434)
[10160:4068:0124/115929.038:INFO:CONSOLE(1434)] "[object HTMLAnchorElement]", source:  (1434)
[10160:4068:0124/115929.086:INFO:CONSOLE(1434)] "[object HTMLAnchorElement]", source:  (1434)
[10160:4068:0124/115929.151:INFO:CONSOLE(1434)] "[object HTMLAnchorElement]", source:  (1434)
[10160:4068:0124/115929.573:INFO:CONSOLE(63)] "[object Object]", source: https://test-americanredcross.cs63.force.com/learner/s/components/c/PHSS_VoucherList.js (63)
[10160:4068:0124/115929.573:INFO:CONSOLE(64)] "closed undefined", source: https://test-americanredcross.cs63.force.com/learner/s/components/c/PHSS_VoucherList.js (64)
[10160:4068:0124/115930.410:INFO:CONSOLE(85)] "recid a7a3o000001z3TR", source: https://test-americanredcross.cs63.force.com/learner/s/components/c/PHSS_ClaimVoucherForm.js (85)
[10160:4068:0124/115930.495:INFO:CONSOLE(1434)] "[object HTMLInputElement]", source:  (1434)
[10160:4068:0124/115930.529:INFO:CONSOLE(1434)] "[object HTMLInputElement]", source:  (1434)
[10160:4068:0124/115930.569:INFO:CONSOLE(1434)] "[object HTMLInputElement]", source:  (1434)
[10160:4068:0124/115930.602:INFO:CONSOLE(1434)] "[object HTMLInputElement]", source:  (1434)
[10160:4068:0124/115930.640:INFO:CONSOLE(1434)] "[object HTMLInputElement]", source:  (1434)
[10160:4068:0124/115930.677:INFO:CONSOLE(1434)] "[object HTMLInputElement]", source:  (1434)
[10160:4068:0124/115930.721:INFO:CONSOLE(1434)] "[object HTMLInputElement]", source:  (1434)
[10160:4068:0124/115930.776:INFO:CONSOLE(1434)] "[object HTMLInputElement]", source:  (1434)
[10160:4068:0124/115930.811:INFO:CONSOLE(1434)] "[object HTMLInputElement]", source:  (1434)
[10160:4068:0124/115930.851:INFO:CONSOLE(1434)] "[object HTMLInputElement]", source:  (1434)
[10160:4068:0124/115930.894:INFO:CONSOLE(1434)] "[object HTMLInputElement]", source:  (1434)
[10160:4068:0124/115930.938:INFO:CONSOLE(1434)] "[object HTMLInputElement]", source:  (1434)
[10160:4068:0124/115931.076:INFO:CONSOLE(1434)] "[object HTMLInputElement]", source:  (1434)
[10160:4068:0124/115931.113:INFO:CONSOLE(1434)] "[object HTMLInputElement]", source:  (1434)
[10160:4068:0124/115931.176:INFO:CONSOLE(1434)] "[object HTMLInputElement]", source:  (1434)
[10160:4068:0124/115931.222:INFO:CONSOLE(1434)] "[object HTMLInputElement]", source:  (1434)
[10160:4068:0124/115931.271:INFO:CONSOLE(1434)] "[object HTMLInputElement]", source:  (1434)
[10160:4068:0124/115931.437:INFO:CONSOLE(1434)] "[object HTMLInputElement]", source:  (1434)
[10160:4068:0124/115931.498:INFO:CONSOLE(1434)] "[object HTMLInputElement]", source:  (1434)
[10160:4068:0124/115931.554:INFO:CONSOLE(1434)] "[object HTMLInputElement]", source:  (1434)
[10160:4068:0124/115931.607:INFO:CONSOLE(1434)] "[object HTMLInputElement]", source:  (1434)
[10160:4068:0124/115931.776:INFO:CONSOLE(1434)] "[object HTMLInputElement]", source:  (1434)
[10160:4068:0124/115931.913:INFO:CONSOLE(1434)] "[object HTMLInputElement]", source:  (1434)
[10160:4068:0124/115931.982:INFO:CONSOLE(1434)] "[object HTMLInputElement]", source:  (1434)
[10160:4068:0124/115932.040:INFO:CONSOLE(1434)] "[object HTMLInputElement]", source:  (1434)
[10160:4068:0124/115932.176:INFO:CONSOLE(1434)] "[object HTMLInputElement]", source:  (1434)
[10160:4068:0124/115932.214:INFO:CONSOLE(1434)] "[object HTMLInputElement]", source:  (1434)
[10160:4068:0124/115932.268:INFO:CONSOLE(1434)] "[object HTMLInputElement]", source:  (1434)
[10160:4068:0124/115932.306:INFO:CONSOLE(1434)] "[object HTMLInputElement]", source:  (1434)
[10160:4068:0124/115932.352:INFO:CONSOLE(1434)] "[object HTMLInputElement]", source:  (1434)
[10160:4068:0124/115932.409:INFO:CONSOLE(1434)] "[object HTMLInputElement]", source:  (1434)
[10160:4068:0124/115932.463:INFO:CONSOLE(1434)] "[object HTMLInputElement]", source:  (1434)
[10160:4068:0124/115932.510:INFO:CONSOLE(1434)] "[object HTMLInputElement]", source:  (1434)
[10160:4068:0124/115932.549:INFO:CONSOLE(1434)] "[object HTMLInputElement]", source:  (1434)
[10160:4068:0124/115932.594:INFO:CONSOLE(1434)] "[object HTMLInputElement]", source:  (1434)
[10160:4068:0124/115932.644:INFO:CONSOLE(1434)] "[object HTMLInputElement]", source:  (1434)
[10160:4068:0124/115932.692:INFO:CONSOLE(1434)] "[object HTMLInputElement]", source:  (1434)
[10160:4068:0124/115932.840:INFO:CONSOLE(1434)] "[object HTMLInputElement]", source:  (1434)
[10160:4068:0124/115932.886:INFO:CONSOLE(1434)] "[object HTMLInputElement]", source:  (1434)
[10160:4068:0124/115932.938:INFO:CONSOLE(1434)] "[object HTMLInputElement]", source:  (1434)
[10160:4068:0124/115932.987:INFO:CONSOLE(1434)] "[object HTMLInputElement]", source:  (1434)
[10160:4068:0124/115933.039:INFO:CONSOLE(1434)] "[object HTMLInputElement]", source:  (1434)
[10160:4068:0124/115933.146:INFO:CONSOLE(1434)] "[object HTMLInputElement]", source:  (1434)
[10160:4068:0124/115933.202:INFO:CONSOLE(1434)] "[object HTMLInputElement]", source:  (1434)
[10160:4068:0124/115933.250:INFO:CONSOLE(1434)] "[object HTMLInputElement]", source:  (1434)
[10160:4068:0124/115933.301:INFO:CONSOLE(1434)] "[object HTMLInputElement]", source:  (1434)
[10160:4068:0124/115933.459:INFO:CONSOLE(1434)] "[object HTMLInputElement]", source:  (1434)
[10160:4068:0124/115933.607:INFO:CONSOLE(1434)] "[object HTMLInputElement]", source:  (1434)
[10160:4068:0124/115933.693:INFO:CONSOLE(1434)] "[object HTMLInputElement]", source:  (1434)
[10160:4068:0124/115933.751:INFO:CONSOLE(1434)] "[object HTMLInputElement]", source:  (1434)
[10160:4068:0124/115933.884:INFO:CONSOLE(1434)] "[object HTMLInputElement]", source:  (1434)
[10160:4068:0124/115933.920:INFO:CONSOLE(1434)] "[object HTMLInputElement]", source:  (1434)
[10160:4068:0124/115933.958:INFO:CONSOLE(1434)] "[object HTMLInputElement]", source:  (1434)
[10160:4068:0124/115933.992:INFO:CONSOLE(1434)] "[object HTMLInputElement]", source:  (1434)
[10160:4068:0124/115934.044:INFO:CONSOLE(1434)] "[object HTMLInputElement]", source:  (1434)
[10160:4068:0124/115934.095:INFO:CONSOLE(1434)] "[object HTMLInputElement]", source:  (1434)
[10160:4068:0124/115934.199:INFO:CONSOLE(1434)] "[object HTMLInputElement]", source:  (1434)
[10160:4068:0124/115934.281:INFO:CONSOLE(1434)] "[object HTMLInputElement]", source:  (1434)
[10160:4068:0124/115934.338:INFO:CONSOLE(1434)] "[object HTMLInputElement]", source:  (1434)
[10160:4068:0124/115934.403:INFO:CONSOLE(1434)] "[object HTMLInputElement]", source:  (1434)
[10160:4068:0124/115934.463:INFO:CONSOLE(1434)] "[object HTMLInputElement]", source:  (1434)
[10160:4068:0124/115934.516:INFO:CONSOLE(1434)] "[object HTMLInputElement]", source:  (1434)
[10160:4068:0124/115934.650:INFO:CONSOLE(1434)] "[object HTMLInputElement]", source:  (1434)
[10160:4068:0124/115934.697:INFO:CONSOLE(1434)] "[object HTMLInputElement]", source:  (1434)
[10160:4068:0124/115934.749:INFO:CONSOLE(1434)] "[object HTMLInputElement]", source:  (1434)
[10160:4068:0124/115934.800:INFO:CONSOLE(1434)] "[object HTMLInputElement]", source:  (1434)
[10160:4068:0124/115934.852:INFO:CONSOLE(1434)] "[object HTMLInputElement]", source:  (1434)
[10160:4068:0124/115934.944:INFO:CONSOLE(1434)] "[object HTMLInputElement]", source:  (1434)
[10160:4068:0124/115935.015:INFO:CONSOLE(1434)] "[object HTMLInputElement]", source:  (1434)
[10160:4068:0124/115935.060:INFO:CONSOLE(1434)] "[object HTMLInputElement]", source:  (1434)
[10160:4068:0124/115935.115:INFO:CONSOLE(1434)] "[object HTMLInputElement]", source:  (1434)
[10160:4068:0124/115935.275:INFO:CONSOLE(1434)] "[object HTMLInputElement]", source:  (1434)
[10160:4068:0124/115935.369:INFO:CONSOLE(1434)] "[object HTMLInputElement]", source:  (1434)
[10160:4068:0124/115935.436:INFO:CONSOLE(1434)] "[object HTMLInputElement]", source:  (1434)
[10160:4068:0124/115935.494:INFO:CONSOLE(1434)] "[object HTMLInputElement]", source:  (1434)
[10160:4068:0124/115945.651:INFO:CONSOLE(1434)] "[object HTMLInputElement]", source:  (1434)
[10160:4068:0124/115945.702:INFO:CONSOLE(1434)] "[object HTMLInputElement]", source:  (1434)
[10160:4068:0124/115945.763:INFO:CONSOLE(1434)] "[object HTMLInputElement]", source:  (1434)
[10160:4068:0124/115945.831:INFO:CONSOLE(1434)] "[object HTMLInputElement]", source:  (1434)
[10160:4068:0124/115945.893:INFO:CONSOLE(1434)] "[object HTMLInputElement]", source:  (1434)
[10160:4068:0124/115945.958:INFO:CONSOLE(1434)] "[object HTMLInputElement]", source:  (1434)
[10160:4068:0124/115946.055:INFO:CONSOLE(1434)] "[object HTMLInputElement]", source:  (1434)
[10160:4068:0124/115946.119:INFO:CONSOLE(1434)] "[object HTMLInputElement]", source:  (1434)
[10160:4068:0124/115946.180:INFO:CONSOLE(1434)] "[object HTMLInputElement]", source:  (1434)
[10160:4068:0124/115946.251:INFO:CONSOLE(1434)] "[object HTMLInputElement]", source:  (1434)
[10160:4068:0124/115946.314:INFO:CONSOLE(1434)] "[object HTMLInputElement]", source:  (1434)
[10160:4068:0124/115946.398:INFO:CONSOLE(1434)] "[object HTMLInputElement]", source:  (1434)
[10160:4068:0124/115946.592:INFO:CONSOLE(1434)] "[object HTMLInputElement]", source:  (1434)
[10160:4068:0124/115946.630:INFO:CONSOLE(1434)] "[object HTMLInputElement]", source:  (1434)
[10160:4068:0124/115946.687:INFO:CONSOLE(1434)] "[object HTMLInputElement]", source:  (1434)
[10160:4068:0124/115946.728:INFO:CONSOLE(1434)] "[object HTMLInputElement]", source:  (1434)
[10160:4068:0124/115946.774:INFO:CONSOLE(1434)] "[object HTMLInputElement]", source:  (1434)
[10160:4068:0124/115946.878:INFO:CONSOLE(1434)] "[object HTMLInputElement]", source:  (1434)
[10160:4068:0124/115946.956:INFO:CONSOLE(1434)] "[object HTMLInputElement]", source:  (1434)
[10160:4068:0124/115947.024:INFO:CONSOLE(1434)] "[object HTMLInputElement]", source:  (1434)
[10160:4068:0124/115947.078:INFO:CONSOLE(1434)] "[object HTMLInputElement]", source:  (1434)
[10160:4068:0124/115947.202:INFO:CONSOLE(1434)] "[object HTMLInputElement]", source:  (1434)
[10160:4068:0124/115947.293:INFO:CONSOLE(1434)] "[object HTMLInputElement]", source:  (1434)
[10160:4068:0124/115947.348:INFO:CONSOLE(1434)] "[object HTMLInputElement]", source:  (1434)
[10160:4068:0124/115947.418:INFO:CONSOLE(1434)] "[object HTMLInputElement]", source:  (1434)
[10160:4068:0124/115947.674:INFO:CONSOLE(1434)] "[object HTMLButtonElement]", source:  (1434)
[10160:4068:0124/115947.729:INFO:CONSOLE(1434)] "[object HTMLButtonElement]", source:  (1434)
[10160:4068:0124/115947.786:INFO:CONSOLE(1434)] "[object HTMLButtonElement]", source:  (1434)
[10160:4068:0124/115947.845:INFO:CONSOLE(1434)] "[object HTMLButtonElement]", source:  (1434)
[10160:4068:0124/115947.898:INFO:CONSOLE(1434)] "[object HTMLButtonElement]", source:  (1434)
[10160:4068:0124/115948.044:INFO:CONSOLE(1434)] "[object HTMLButtonElement]", source:  (1434)
[10160:4068:0124/115948.126:INFO:CONSOLE(1434)] "[object HTMLButtonElement]", source:  (1434)
[10160:4068:0124/115948.189:INFO:CONSOLE(1434)] "[object HTMLButtonElement]", source:  (1434)
[10160:4068:0124/115948.246:INFO:CONSOLE(1434)] "[object HTMLButtonElement]", source:  (1434)
[10160:4068:0124/115948.316:INFO:CONSOLE(1434)] "[object HTMLButtonElement]", source:  (1434)
[10160:4068:0124/115948.373:INFO:CONSOLE(1434)] "[object HTMLButtonElement]", source:  (1434)
[10160:4068:0124/115948.430:INFO:CONSOLE(1434)] "[object HTMLButtonElement]", source:  (1434)
[10160:4068:0124/115948.571:INFO:CONSOLE(1434)] "[object HTMLTableCellElement]", source:  (1434)
[10160:4068:0124/115948.605:INFO:CONSOLE(1434)] "[object HTMLTableCellElement]", source:  (1434)
[10160:4068:0124/115948.608:INFO:CONSOLE(122)] "jsonWrap..{"Students":[ {"voucherid":"a7a3o000001z3TR","FirstName":"TestLearnerFN","LastName":"TestLearnerLN","Email":"uniKYSXPZCC@test.com","Phone":"8755554233"}]}", source: https://test-americanredcross.cs63.force.com/learner/s/components/c/PHSS_ClaimVoucherForm.js (122)
[10160:4068:0124/115948.659:INFO:CONSOLE(1434)] "[object HTMLTableCellElement]", source:  (1434)
[10160:4068:0124/115948.708:INFO:CONSOLE(1434)] "[object HTMLTableCellElement]", source:  (1434)
[10160:4068:0124/115948.749:INFO:CONSOLE(1434)] "[object HTMLTableCellElement]", source:  (1434)
[10160:4068:0124/115948.792:INFO:CONSOLE(1434)] "[object HTMLTableCellElement]", source:  (1434)
[10160:4068:0124/115948.851:INFO:CONSOLE(1434)] "[object HTMLTableCellElement]", source:  (1434)
[10160:4068:0124/115948.885:INFO:CONSOLE(1434)] "[object HTMLTableCellElement]", source:  (1434)
[10160:4068:0124/115948.946:INFO:CONSOLE(1434)] "[object HTMLTableCellElement]", source:  (1434)
[10160:4068:0124/115948.998:INFO:CONSOLE(1434)] "[object HTMLTableCellElement]", source:  (1434)
[10160:4068:0124/115949.068:INFO:CONSOLE(1434)] "[object HTMLTableCellElement]", source:  (1434)
[10160:4068:0124/115949.112:INFO:CONSOLE(1434)] "[object HTMLTableCellElement]", source:  (1434)
[10160:4068:0124/115949.186:INFO:CONSOLE(1434)] "[object HTMLTableCellElement]", source:  (1434)
[10160:4068:0124/115949.232:INFO:CONSOLE(1434)] "[object HTMLTableCellElement]", source:  (1434)
[10160:4068:0124/115949.298:INFO:CONSOLE(1434)] "[object HTMLTableCellElement]", source:  (1434)
[10160:4068:0124/115949.364:INFO:CONSOLE(1434)] "[object HTMLTableCellElement]", source:  (1434)
[10160:4068:0124/115949.422:INFO:CONSOLE(1434)] "[object HTMLTableCellElement]", source:  (1434)
[10160:4068:0124/115949.474:INFO:CONSOLE(1434)] "[object HTMLTableCellElement]", source:  (1434)
[10160:4068:0124/115949.535:INFO:CONSOLE(1434)] "[object HTMLTableCellElement]", source:  (1434)
[10160:4068:0124/115949.788:INFO:CONSOLE(1434)] "[object HTMLTableCellElement]", source:  (1434)
[10160:4068:0124/115949.871:INFO:CONSOLE(1434)] "[object HTMLTableCellElement]", source:  (1434)
[10160:4068:0124/115949.928:INFO:CONSOLE(1434)] "[object HTMLTableCellElement]", source:  (1434)
[10160:4068:0124/115949.998:INFO:CONSOLE(1434)] "[object HTMLTableCellElement]", source:  (1434)
[10160:4068:0124/115950.057:INFO:CONSOLE(1434)] "[object HTMLTableCellElement]", source:  (1434)
[10160:4068:0124/115950.124:INFO:CONSOLE(1434)] "[object HTMLTableCellElement]", source:  (1434)
[10160:4068:0124/115950.181:INFO:CONSOLE(1434)] "[object HTMLTableCellElement]", source:  (1434)
[10160:4068:0124/115950.245:INFO:CONSOLE(1434)] "[object HTMLTableCellElement]", source:  (1434)
[10160:4068:0124/115950.303:INFO:CONSOLE(1434)] "[object HTMLTableCellElement]", source:  (1434)
[10160:4068:0124/115950.377:INFO:CONSOLE(1434)] "[object HTMLTableCellElement]", source:  (1434)
[10160:4068:0124/115950.422:INFO:CONSOLE(1434)] "[object HTMLTableCellElement]", source:  (1434)
[10160:4068:0124/115950.502:INFO:CONSOLE(1434)] "[object HTMLTableCellElement]", source:  (1434)
[10160:4068:0124/115950.549:INFO:CONSOLE(1434)] "[object HTMLTableCellElement]", source:  (1434)
[10160:4068:0124/115950.604:INFO:CONSOLE(1434)] "[object HTMLTableCellElement]", source:  (1434)
[10160:4068:0124/115950.645:INFO:CONSOLE(1434)] "[object HTMLTableCellElement]", source:  (1434)
[10160:4068:0124/115950.689:INFO:CONSOLE(1434)] "[object HTMLTableCellElement]", source:  (1434)
[10160:4068:0124/115954.852:INFO:CONSOLE(63)] "[object Object]", source: https://test-americanredcross.cs63.force.com/learner/s/components/c/PHSS_VoucherList.js (63)
[10160:4068:0124/115954.852:INFO:CONSOLE(64)] "closed undefined", source: https://test-americanredcross.cs63.force.com/learner/s/components/c/PHSS_VoucherList.js (64)
[10160:4068:0124/115955.894:INFO:CONSOLE(1434)] "[object HTMLAnchorElement]", source:  (1434)
[10160:4068:0124/115955.922:INFO:CONSOLE(1434)] "[object HTMLAnchorElement]", source:  (1434)
[10160:4068:0124/115955.955:INFO:CONSOLE(1434)] "[object HTMLAnchorElement]", source:  (1434)
[10160:4068:0124/115955.983:INFO:CONSOLE(1434)] "[object HTMLAnchorElement]", source:  (1434)
[10160:4068:0124/115956.020:INFO:CONSOLE(1434)] "[object HTMLAnchorElement]", source:  (1434)
[10160:4068:0124/115956.140:INFO:CONSOLE(1434)] "[object HTMLAnchorElement]", source:  (1434)
[10160:4068:0124/115956.178:INFO:CONSOLE(1434)] "[object HTMLAnchorElement]", source:  (1434)
[10160:4068:0124/115956.229:INFO:CONSOLE(1434)] "[object HTMLAnchorElement]", source:  (1434)
[10160:4068:0124/115956.269:INFO:CONSOLE(1434)] "[object HTMLAnchorElement]", source:  (1434)
[10160:4068:0124/115956.311:INFO:CONSOLE(1434)] "[object HTMLAnchorElement]", source:  (1434)
[10160:4068:0124/115956.355:INFO:CONSOLE(1434)] "[object HTMLAnchorElement]", source:  (1434)
[10160:4068:0124/115956.398:INFO:CONSOLE(1434)] "[object HTMLAnchorElement]", source:  (1434)
[10160:4068:0124/115956.440:INFO:CONSOLE(1434)] "[object HTMLAnchorElement]", source:  (1434)
[10160:4068:0124/115956.484:INFO:CONSOLE(1434)] "[object HTMLAnchorElement]", source:  (1434)
[10160:4068:0124/115956.516:INFO:CONSOLE(1434)] "[object HTMLAnchorElement]", source:  (1434)
[10160:4068:0124/115956.563:INFO:CONSOLE(1434)] "[object HTMLAnchorElement]", source:  (1434)
[10160:4068:0124/115956.702:INFO:CONSOLE(38)] "[object Object]", source: https://test-americanredcross.cs63.force.com/libraries/instrumentation/beaconLib.BeaconLibrary.js (38)
[10160:4068:0124/115958.993:INFO:CONSOLE(4)] "empApi setting initialized true for : undefined", source: https://arc-phss--test.lightning.force.com/components/force/empApi.js (4)
[10160:4068:0124/120000.874:INFO:CONSOLE(1)] "Failed to retrive resource /wbin/www-core/f/g", source: https://www.salesforce.com/etc.bundles/sfdc-www/bundles/webpack-script-manifest-commonlyUsed-js.bundle.8483f2d0e23c6bc829cc.js (1)
[10160:4068:0124/120001.720:INFO:CONSOLE(1)] "console.groupEnd", source: https://s.vmvovm.com/2/2.45.0/main.js (1)
[10160:4068:0124/120001.720:INFO:CONSOLE(1)] "console.groupEnd", source: https://s.vmvovm.com/2/2.45.0/main.js (1)
[10160:4068:0124/120001.720:INFO:CONSOLE(1)] "console.groupEnd", source: https://s.vmvovm.com/2/2.45.0/main.js (1)
[10160:4068:0124/120001.720:INFO:CONSOLE(1)] "console.groupEnd", source: https://s.vmvovm.com/2/2.45.0/main.js (1)
[10160:4068:0124/120001.720:INFO:CONSOLE(1)] "console.groupEnd", source: https://s.vmvovm.com/2/2.45.0/main.js (1)
[10160:4068:0124/120001.720:INFO:CONSOLE(1)] "console.groupEnd", source: https://s.vmvovm.com/2/2.45.0/main.js (1)
[10160:4068:0124/120001.720:INFO:CONSOLE(1)] "console.groupEnd", source: https://s.vmvovm.com/2/2.45.0/main.js (1)
[10160:4068:0124/120001.720:INFO:CONSOLE(1)] "console.groupEnd", source: https://s.vmvovm.com/2/2.45.0/main.js (1)
[10160:4068:0124/120001.720:INFO:CONSOLE(1)] "console.groupEnd", source: https://s.vmvovm.com/2/2.45.0/main.js (1)
[10160:4068:0124/120001.720:INFO:CONSOLE(1)] "console.groupEnd", source: https://s.vmvovm.com/2/2.45.0/main.js (1)
[10160:4068:0124/120001.720:INFO:CONSOLE(1)] "console.groupEnd", source: https://s.vmvovm.com/2/2.45.0/main.js (1)
[10160:4068:0124/120001.722:INFO:CONSOLE(1)] "console.groupEnd", source: https://s.vmvovm.com/2/2.45.0/main.js (1)
[10160:4068:0124/120001.722:INFO:CONSOLE(1)] "console.groupEnd", source: https://s.vmvovm.com/2/2.45.0/main.js (1)
[10160:4068:0124/120001.722:INFO:CONSOLE(1)] "console.groupEnd", source: https://s.vmvovm.com/2/2.45.0/main.js (1)
[10160:4068:0124/120001.722:INFO:CONSOLE(1)] "console.groupEnd", source: https://s.vmvovm.com/2/2.45.0/main.js (1)
[10160:4068:0124/120001.722:INFO:CONSOLE(1)] "console.groupEnd", source: https://s.vmvovm.com/2/2.45.0/main.js (1)
[10160:4068:0124/120001.722:INFO:CONSOLE(1)] "console.groupEnd", source: https://s.vmvovm.com/2/2.45.0/main.js (1)
[10160:4068:0124/120001.722:INFO:CONSOLE(1)] "console.groupEnd", source: https://s.vmvovm.com/2/2.45.0/main.js (1)
[10160:4068:0124/120001.722:INFO:CONSOLE(1)] "console.groupEnd", source: https://s.vmvovm.com/2/2.45.0/main.js (1)
[10160:4068:0124/120001.722:INFO:CONSOLE(1)] "console.groupEnd", source: https://s.vmvovm.com/2/2.45.0/main.js (1)
[10160:4068:0124/120001.722:INFO:CONSOLE(1)] "console.groupEnd", source: https://s.vmvovm.com/2/2.45.0/main.js (1)
[10160:4068:0124/120001.722:INFO:CONSOLE(1)] "console.groupEnd", source: https://s.vmvovm.com/2/2.45.0/main.js (1)
[10160:4068:0124/120001.722:INFO:CONSOLE(1)] "console.groupEnd", source: https://s.vmvovm.com/2/2.45.0/main.js (1)
[10160:4068:0124/120001.722:INFO:CONSOLE(1)] "console.groupEnd", source: https://s.vmvovm.com/2/2.45.0/main.js (1)
[10160:4068:0124/120001.723:INFO:CONSOLE(1)] "console.groupEnd", source: https://s.vmvovm.com/2/2.45.0/main.js (1)
[10160:4068:0124/120001.723:INFO:CONSOLE(1)] "console.groupEnd", source: https://s.vmvovm.com/2/2.45.0/main.js (1)
[10160:4068:0124/120001.723:INFO:CONSOLE(1)] "console.groupEnd", source: https://s.vmvovm.com/2/2.45.0/main.js (1)
[10160:4068:0124/120001.724:INFO:CONSOLE(1)] "console.groupEnd", source: https://s.vmvovm.com/2/2.45.0/main.js (1)
[10160:4068:0124/120001.724:INFO:CONSOLE(1)] "console.groupEnd", source: https://s.vmvovm.com/2/2.45.0/main.js (1)
[10160:4068:0124/120001.724:INFO:CONSOLE(1)] "console.groupEnd", source: https://s.vmvovm.com/2/2.45.0/main.js (1)
[10160:4068:0124/120001.724:INFO:CONSOLE(1)] "console.groupEnd", source: https://s.vmvovm.com/2/2.45.0/main.js (1)
[10160:4068:0124/120001.724:INFO:CONSOLE(1)] "console.groupEnd", source: https://s.vmvovm.com/2/2.45.0/main.js (1)
[10160:4068:0124/120001.724:INFO:CONSOLE(1)] "console.groupEnd", source: https://s.vmvovm.com/2/2.45.0/main.js (1)
[10160:4068:0124/120001.724:INFO:CONSOLE(1)] "console.groupEnd", source: https://s.vmvovm.com/2/2.45.0/main.js (1)
[10160:4068:0124/120001.724:INFO:CONSOLE(1)] "console.groupEnd", source: https://s.vmvovm.com/2/2.45.0/main.js (1)
[10160:4068:0124/120001.724:INFO:CONSOLE(1)] "console.groupEnd", source: https://s.vmvovm.com/2/2.45.0/main.js (1)
[10160:4068:0124/120001.724:INFO:CONSOLE(1)] "console.groupEnd", source: https://s.vmvovm.com/2/2.45.0/main.js (1)
[10160:4068:0124/120001.724:INFO:CONSOLE(1)] "console.groupEnd", source: https://s.vmvovm.com/2/2.45.0/main.js (1)
[10160:4068:0124/120001.725:INFO:CONSOLE(1)] "console.groupEnd", source: https://s.vmvovm.com/2/2.45.0/main.js (1)
[10160:4068:0124/120001.725:INFO:CONSOLE(1)] "console.groupEnd", source: https://s.vmvovm.com/2/2.45.0/main.js (1)
[10160:4068:0124/120001.725:INFO:CONSOLE(1)] "console.groupEnd", source: https://s.vmvovm.com/2/2.45.0/main.js (1)
[10160:4068:0124/120001.725:INFO:CONSOLE(1)] "console.groupEnd", source: https://s.vmvovm.com/2/2.45.0/main.js (1)
[10160:4068:0124/120001.726:INFO:CONSOLE(1)] "console.groupEnd", source: https://s.vmvovm.com/2/2.45.0/main.js (1)
[10160:4068:0124/120001.726:INFO:CONSOLE(1)] "console.groupEnd", source: https://s.vmvovm.com/2/2.45.0/main.js (1)
[10160:4068:0124/120001.726:INFO:CONSOLE(1)] "console.groupEnd", source: https://s.vmvovm.com/2/2.45.0/main.js (1)
[10160:4068:0124/120001.726:INFO:CONSOLE(1)] "console.groupEnd", source: https://s.vmvovm.com/2/2.45.0/main.js (1)
[10160:4068:0124/120001.726:INFO:CONSOLE(1)] "console.groupEnd", source: https://s.vmvovm.com/2/2.45.0/main.js (1)
[10160:4068:0124/120001.726:INFO:CONSOLE(1)] "console.groupEnd", source: https://s.vmvovm.com/2/2.45.0/main.js (1)
[10160:4068:0124/120001.726:INFO:CONSOLE(1)] "console.groupEnd", source: https://s.vmvovm.com/2/2.45.0/main.js (1)
[10160:4068:0124/120001.726:INFO:CONSOLE(1)] "console.groupEnd", source: https://s.vmvovm.com/2/2.45.0/main.js (1)
[10160:4068:0124/120001.726:INFO:CONSOLE(1)] "console.groupEnd", source: https://s.vmvovm.com/2/2.45.0/main.js (1)
[10160:4068:0124/120001.726:INFO:CONSOLE(1)] "console.groupEnd", source: https://s.vmvovm.com/2/2.45.0/main.js (1)
[10160:4068:0124/120001.726:INFO:CONSOLE(1)] "console.groupEnd", source: https://s.vmvovm.com/2/2.45.0/main.js (1)
[10160:4068:0124/120001.726:INFO:CONSOLE(1)] "console.groupEnd", source: https://s.vmvovm.com/2/2.45.0/main.js (1)
[10160:4068:0124/120001.726:INFO:CONSOLE(1)] "console.groupEnd", source: https://s.vmvovm.com/2/2.45.0/main.js (1)
[10160:4068:0124/120001.726:INFO:CONSOLE(1)] "console.groupEnd", source: https://s.vmvovm.com/2/2.45.0/main.js (1)
[10160:4068:0124/120001.726:INFO:CONSOLE(1)] "console.groupEnd", source: https://s.vmvovm.com/2/2.45.0/main.js (1)
[10160:4068:0124/120002.280:WARNING:pref_notifier_impl.cc(40)] Pref observer for media_router.cast_allow_all_ips found at shutdown.
