[3028:7988:1223/193112.848:WARNING:chrome_command_line_pref_store.cc(123)] Additional command-line proxy switches specified when --no-proxy-server was also specified.
[3028:7988:1223/193112.851:WARNING:chrome_command_line_pref_store.cc(123)] Additional command-line proxy switches specified when --no-proxy-server was also specified.
[3028:7988:1223/193112.905:WARNING:chrome_command_line_pref_store.cc(123)] Additional command-line proxy switches specified when --no-proxy-server was also specified.
[3028:7988:1223/193125.227:INFO:CONSOLE(1434)] "[object HTMLButtonElement]", source:  (1434)
[3028:7988:1223/193125.240:INFO:CONSOLE(37)] "[object Object]", source: https://arc-phss--test.lightning.force.com/libraries/instrumentation/beaconLib.BeaconLibrary.js (37)
[3028:7988:1223/193125.341:INFO:CONSOLE(1434)] "[object HTMLButtonElement]", source:  (1434)
[3028:7988:1223/193125.517:INFO:CONSOLE(1434)] "[object HTMLButtonElement]", source:  (1434)
[3028:7988:1223/193125.622:INFO:CONSOLE(1434)] "[object HTMLButtonElement]", source:  (1434)
[3028:7988:1223/193125.666:INFO:CONSOLE(1434)] "[object HTMLButtonElement]", source:  (1434)
[3028:7988:1223/193125.697:INFO:CONSOLE(1434)] "[object HTMLButtonElement]", source:  (1434)
[3028:7988:1223/193125.843:INFO:CONSOLE(1434)] "[object HTMLButtonElement]", source:  (1434)
[3028:7988:1223/193125.881:INFO:CONSOLE(1434)] "[object HTMLButtonElement]", source:  (1434)
[3028:7988:1223/193125.919:INFO:CONSOLE(1434)] "[object HTMLButtonElement]", source:  (1434)
[3028:7988:1223/193125.952:INFO:CONSOLE(1434)] "[object HTMLButtonElement]", source:  (1434)
[3028:7988:1223/193125.992:INFO:CONSOLE(1434)] "[object HTMLButtonElement]", source:  (1434)
[3028:7988:1223/193126.022:INFO:CONSOLE(1434)] "[object HTMLButtonElement]", source:  (1434)
[3028:7988:1223/193126.172:INFO:CONSOLE(1434)] "[object HTMLButtonElement]", source:  (1434)
[3028:7988:1223/193126.535:INFO:CONSOLE(1434)] "[object HTMLInputElement]", source:  (1434)
[3028:7988:1223/193126.572:INFO:CONSOLE(1434)] "[object HTMLInputElement]", source:  (1434)
[3028:7988:1223/193126.647:INFO:CONSOLE(1434)] "[object HTMLInputElement]", source:  (1434)
[3028:7988:1223/193126.703:INFO:CONSOLE(1434)] "[object HTMLInputElement]", source:  (1434)
[3028:7988:1223/193126.733:INFO:CONSOLE(1434)] "[object HTMLInputElement]", source:  (1434)
[3028:7988:1223/193126.766:INFO:CONSOLE(1434)] "[object HTMLInputElement]", source:  (1434)
[3028:7988:1223/193126.800:INFO:CONSOLE(1434)] "[object HTMLInputElement]", source:  (1434)
[3028:7988:1223/193126.843:INFO:CONSOLE(1434)] "[object HTMLInputElement]", source:  (1434)
[3028:7988:1223/193126.875:INFO:CONSOLE(1434)] "[object HTMLInputElement]", source:  (1434)
[3028:7988:1223/193126.905:INFO:CONSOLE(1434)] "[object HTMLInputElement]", source:  (1434)
[3028:7988:1223/193126.945:INFO:CONSOLE(1434)] "[object HTMLInputElement]", source:  (1434)
[3028:7988:1223/193126.988:INFO:CONSOLE(1434)] "[object HTMLInputElement]", source:  (1434)
[3028:7988:1223/193127.026:INFO:CONSOLE(1434)] "[object HTMLInputElement]", source:  (1434)
[3028:7988:1223/193127.131:INFO:CONSOLE(1434)] "[object HTMLInputElement]", source:  (1434)
[3028:7988:1223/193127.165:INFO:CONSOLE(1434)] "[object HTMLInputElement]", source:  (1434)
[3028:7988:1223/193127.211:INFO:CONSOLE(1434)] "[object HTMLInputElement]", source:  (1434)
[3028:7988:1223/193127.256:INFO:CONSOLE(1434)] "[object HTMLInputElement]", source:  (1434)
[3028:7988:1223/193127.298:INFO:CONSOLE(1434)] "[object HTMLInputElement]", source:  (1434)
[3028:7988:1223/193127.393:INFO:CONSOLE(1434)] "[object HTMLInputElement]", source:  (1434)
[3028:7988:1223/193127.547:INFO:CONSOLE(1434)] "[object HTMLInputElement]", source:  (1434)
[3028:7988:1223/193127.586:INFO:CONSOLE(1434)] "[object HTMLInputElement]", source:  (1434)
[3028:7988:1223/193127.625:INFO:CONSOLE(1434)] "[object HTMLInputElement]", source:  (1434)
[3028:7988:1223/193127.890:INFO:CONSOLE(1434)] "[object HTMLInputElement]", source:  (1434)
[3028:7988:1223/193127.982:INFO:CONSOLE(1434)] "[object HTMLInputElement]", source:  (1434)
[3028:7988:1223/193128.364:INFO:CONSOLE(1434)] "[object HTMLInputElement]", source:  (1434)
[3028:7988:1223/193128.443:INFO:CONSOLE(1434)] "[object HTMLInputElement]", source:  (1434)
[3028:7988:1223/193128.492:INFO:CONSOLE(1434)] "[object HTMLInputElement]", source:  (1434)
[3028:7988:1223/193130.142:INFO:CONSOLE(37)] "[object Object]", source: https://arc-phss--test.lightning.force.com/libraries/instrumentation/beaconLib.BeaconLibrary.js (37)
[3028:7988:1223/193130.773:INFO:CONSOLE(1434)] "[object HTMLButtonElement]", source:  (1434)
[3028:8428:1223/193133.072:ERROR:chrome_browser_main_extra_parts_metrics.cc(226)] crbug.com/1216328: Checking Bluetooth availability started. Please report if there is no report that this ends.
[3028:8428:1223/193133.074:ERROR:chrome_browser_main_extra_parts_metrics.cc(229)] crbug.com/1216328: Checking Bluetooth availability ended.
[3028:8428:1223/193133.079:ERROR:chrome_browser_main_extra_parts_metrics.cc(232)] crbug.com/1216328: Checking default browser status started. Please report if there is no report that this ends.
[3028:7988:1223/193133.083:ERROR:device_event_log_impl.cc(214)] [19:31:33.082] Bluetooth: bluetooth_adapter_winrt.cc:1075 Getting Default Adapter failed.
[3028:8428:1223/193133.086:ERROR:chrome_browser_main_extra_parts_metrics.cc(236)] crbug.com/1216328: Checking default browser status ended.
[3028:7988:1223/193133.993:INFO:CONSOLE(1434)] "[object HTMLAnchorElement]", source:  (1434)
[3028:7988:1223/193139.121:INFO:CONSOLE(37)] "[object Object]", source: https://arc-phss--test.lightning.force.com/libraries/instrumentation/beaconLib.BeaconLibrary.js (37)
[3028:7988:1223/193140.374:INFO:CONSOLE(1434)] "[object HTMLButtonElement]", source:  (1434)
[3028:7988:1223/193140.500:INFO:CONSOLE(1434)] "[object HTMLButtonElement]", source:  (1434)
[3028:7988:1223/193140.628:INFO:CONSOLE(1434)] "[object HTMLButtonElement]", source:  (1434)
[3028:7988:1223/193140.742:INFO:CONSOLE(1434)] "[object HTMLButtonElement]", source:  (1434)
[3028:7988:1223/193140.854:INFO:CONSOLE(1434)] "[object HTMLButtonElement]", source:  (1434)
[3028:7988:1223/193141.071:INFO:CONSOLE(1434)] "[object HTMLButtonElement]", source:  (1434)
[3028:7988:1223/193141.165:INFO:CONSOLE(1434)] "[object HTMLButtonElement]", source:  (1434)
[3028:7988:1223/193141.244:INFO:CONSOLE(1434)] "[object HTMLButtonElement]", source:  (1434)
[3028:7988:1223/193141.323:INFO:CONSOLE(1434)] "[object HTMLButtonElement]", source:  (1434)
[3028:7988:1223/193141.415:INFO:CONSOLE(1434)] "[object HTMLButtonElement]", source:  (1434)
[3028:7988:1223/193141.487:INFO:CONSOLE(1434)] "[object HTMLButtonElement]", source:  (1434)
[3028:7988:1223/193141.574:INFO:CONSOLE(1434)] "[object HTMLButtonElement]", source:  (1434)
[3028:7988:1223/193141.758:INFO:CONSOLE(1434)] "[object HTMLAnchorElement]", source:  (1434)
[3028:7988:1223/193141.835:INFO:CONSOLE(1434)] "[object HTMLAnchorElement]", source:  (1434)
[3028:7988:1223/193141.914:INFO:CONSOLE(1434)] "[object HTMLAnchorElement]", source:  (1434)
[3028:7988:1223/193141.982:INFO:CONSOLE(1434)] "[object HTMLAnchorElement]", source:  (1434)
[3028:7988:1223/193142.064:INFO:CONSOLE(1434)] "[object HTMLAnchorElement]", source:  (1434)
[3028:7988:1223/193142.245:INFO:CONSOLE(1434)] "[object HTMLAnchorElement]", source:  (1434)
[3028:7988:1223/193142.332:INFO:CONSOLE(1434)] "[object HTMLAnchorElement]", source:  (1434)
[3028:7988:1223/193142.429:INFO:CONSOLE(1434)] "[object HTMLAnchorElement]", source:  (1434)
[3028:7988:1223/193142.519:INFO:CONSOLE(1434)] "[object HTMLAnchorElement]", source:  (1434)
[3028:7988:1223/193142.608:INFO:CONSOLE(1434)] "[object HTMLAnchorElement]", source:  (1434)
[3028:7988:1223/193142.706:INFO:CONSOLE(1434)] "[object HTMLAnchorElement]", source:  (1434)
[3028:7988:1223/193142.788:INFO:CONSOLE(1434)] "[object HTMLAnchorElement]", source:  (1434)
[3028:7988:1223/193142.872:INFO:CONSOLE(1434)] "[object HTMLAnchorElement]", source:  (1434)
[3028:7988:1223/193142.963:INFO:CONSOLE(1434)] "[object HTMLAnchorElement]", source:  (1434)
[3028:7988:1223/193143.039:INFO:CONSOLE(1434)] "[object HTMLAnchorElement]", source:  (1434)
[3028:7988:1223/193143.139:INFO:CONSOLE(1434)] "[object HTMLAnchorElement]", source:  (1434)
[3028:7988:1223/193145.667:INFO:CONSOLE(1434)] "[object HTMLButtonElement]", source:  (1434)
[3028:7988:1223/193145.715:INFO:CONSOLE(1434)] "[object HTMLButtonElement]", source:  (1434)
[3028:7988:1223/193145.841:INFO:CONSOLE(1434)] "[object HTMLButtonElement]", source:  (1434)
[3028:7988:1223/193145.867:INFO:CONSOLE(1434)] "[object HTMLButtonElement]", source:  (1434)
[3028:7988:1223/193145.886:INFO:CONSOLE(14)] "Refused to create a worker from 'blob:https://test-americanredcross.cs63.force.com/a2196a6d-caea-4f28-b446-53431f978491' because it violates the following Content Security Policy directive: "script-src * 'unsafe-inline' 'unsafe-eval'". Note that 'worker-src' was not explicitly set, so 'script-src' is used as a fallback.
", source: https://d10lpsik1i8c69.cloudfront.net/js/clickstream.js?v=6ea758b (14)
[3028:7988:1223/193146.058:INFO:CONSOLE(1434)] "[object HTMLButtonElement]", source:  (1434)
[3028:7988:1223/193146.080:INFO:CONSOLE(15)] "[Snap-ins] Warning: Embedded Service Chat may not function correctly with this native JS function modified: document.addEventListener", source: https://service.force.com/embeddedservice/5.0/esw.min.js (15)
[3028:7988:1223/193146.080:INFO:CONSOLE(15)] "[Snap-ins] Warning: Embedded Service Chat may not function correctly with this native JS function modified: document.getElementById", source: https://service.force.com/embeddedservice/5.0/esw.min.js (15)
[3028:7988:1223/193146.080:INFO:CONSOLE(15)] "[Snap-ins] Warning: Embedded Service Chat may not function correctly with this native JS function modified: document.getElementsByTagName", source: https://service.force.com/embeddedservice/5.0/esw.min.js (15)
[3028:7988:1223/193146.080:INFO:CONSOLE(15)] "[Snap-ins] Warning: Embedded Service Chat may not function correctly with this native JS function modified: document.getElementsByClassName", source: https://service.force.com/embeddedservice/5.0/esw.min.js (15)
[3028:7988:1223/193146.080:INFO:CONSOLE(15)] "[Snap-ins] Warning: Embedded Service Chat may not function correctly with this native JS function modified: document.querySelector", source: https://service.force.com/embeddedservice/5.0/esw.min.js (15)
[3028:7988:1223/193146.080:INFO:CONSOLE(15)] "[Snap-ins] Warning: Embedded Service Chat may not function correctly with this native JS function modified: document.querySelectorAll", source: https://service.force.com/embeddedservice/5.0/esw.min.js (15)
[3028:7988:1223/193146.080:INFO:CONSOLE(15)] "[Snap-ins] Warning: Embedded Service Chat may not function correctly with this native JS function modified: document.removeEventListener", source: https://service.force.com/embeddedservice/5.0/esw.min.js (15)
[3028:7988:1223/193146.080:INFO:CONSOLE(15)] "[Snap-ins] Warning: Embedded Service Chat may not function correctly with this native JS function modified: window.addEventListener", source: https://service.force.com/embeddedservice/5.0/esw.min.js (15)
[3028:7988:1223/193146.081:INFO:CONSOLE(15)] "[Snap-ins] Warning: Embedded Service Chat may not function correctly with this native JS function modified: window.removeEventListener", source: https://service.force.com/embeddedservice/5.0/esw.min.js (15)
[3028:7988:1223/193146.360:INFO:CONSOLE(1434)] "[object HTMLButtonElement]", source:  (1434)
[3028:7988:1223/193146.404:INFO:CONSOLE(1434)] "[object HTMLButtonElement]", source:  (1434)
[3028:7988:1223/193146.446:INFO:CONSOLE(1434)] "[object HTMLButtonElement]", source:  (1434)
[3028:7988:1223/193146.483:INFO:CONSOLE(1434)] "[object HTMLButtonElement]", source:  (1434)
[3028:7988:1223/193146.536:INFO:CONSOLE(1434)] "[object HTMLButtonElement]", source:  (1434)
[3028:7988:1223/193146.569:INFO:CONSOLE(1434)] "[object HTMLButtonElement]", source:  (1434)
[3028:7988:1223/193146.620:INFO:CONSOLE(1434)] "[object HTMLButtonElement]", source:  (1434)
[3028:7988:1223/193147.309:INFO:CONSOLE(34)] "***storeResponse***Customer Community Plus Login", source: https://test-americanredcross.cs63.force.com/learner/s/components/c/CourseRecordEntry.js (34)
[3028:7988:1223/193147.310:INFO:CONSOLE(772)] "response..{"address1":"","address2":"","city":"","classFormat":"","courseName":"","regType":"","sessionList":[{"classDate":"","endTime":"","startTime":"","timeZone":""}],"siteName":"","state":"","timeZoneList":{"US/Eastern":"America/New_York","US/Central":"America/Chicago","US/Mountain":"America/Denver","US/Pacific":"America/Los_Angeles","US/Alaska":"America/Anchorage","US/Arizona":"America/Phoenix","US/Hawaii":"Pacific/Honolulu","America/Puerto_Rico":"America/Puerto_Rico","Asia/Bahrain":"Africa/Nairobi","Africa/Djibouti":"Africa/Nairobi","Europe/Germany":"Europe/Berlin","Europe/Poland":"Europe/Berlin","Europe/Italy":"Europe/Rome","Europe/UK":"Europe/London","Asia/Iraq":"Asia/Baghdad","Asia/South Korea":"Asia/Seoul","Asia/Japan":"Asia/Tokyo"},"zip":""}", source: https://test-americanredcross.cs63.force.com/learner/s/components/c/RequestBlendedClass.js (772)
[3028:7988:1223/193147.311:INFO:CONSOLE(781)] "map..[object Object],[object Object],[object Object],[object Object],[object Object],[object Object],[object Object],[object Object],[object Object],[object Object],[object Object],[object Object],[object Object],[object Object],[object Object],[object Object],[object Object]", source: https://test-americanredcross.cs63.force.com/learner/s/components/c/RequestBlendedClass.js (781)
[3028:7988:1223/193147.312:INFO:CONSOLE(722)] "response..{"accId":"0010V00002Rbl9bQAB","accName":"The Owen Long Account","address1":"","address2":"","city":"","classFormat":"","classFormatList":["Classroom","Online + Classroom"],"clsId":"","courseName":"","geoLat":"","geoLng":"","locationId":"","offeringId":"0","quantity":"1","regType":"","sessionList":[{"classDate":"","endTime":"","startTime":"","timeZone":""}],"siteName":"","state":"","timeZone":"","timeZoneList":{"US/Eastern":"America/New_York","US/Central":"America/Chicago","US/Mountain":"America/Denver","US/Pacific":"America/Los_Angeles","US/Alaska":"America/Anchorage","US/Arizona":"America/Phoenix","US/Hawaii":"Pacific/Honolulu","America/Puerto_Rico":"America/Puerto_Rico"},"zip":""}", source: https://test-americanredcross.cs63.force.com/learner/s/components/c/PHSS_ClassPostingService.js (722)
[3028:7988:1223/193147.313:INFO:CONSOLE(731)] "map..[object Object],[object Object],[object Object],[object Object],[object Object],[object Object],[object Object],[object Object]", source: https://test-americanredcross.cs63.force.com/learner/s/components/c/PHSS_ClassPostingService.js (731)
[3028:7988:1223/193147.313:INFO:CONSOLE(733)] "accId***0010V00002Rbl9bQAB", source: https://test-americanredcross.cs63.force.com/learner/s/components/c/PHSS_ClassPostingService.js (733)
[3028:7988:1223/193148.397:INFO:CONSOLE(37)] "[object Object]", source: https://test-americanredcross.cs63.force.com/libraries/instrumentation/beaconLib.BeaconLibrary.js (37)
[3028:7988:1223/193148.423:INFO:CONSOLE(1434)] "[object HTMLAnchorElement]", source:  (1434)
[3028:7988:1223/193148.459:INFO:CONSOLE(1434)] "[object HTMLAnchorElement]", source:  (1434)
[3028:7988:1223/193148.499:INFO:CONSOLE(1434)] "[object HTMLAnchorElement]", source:  (1434)
[3028:7988:1223/193148.546:INFO:CONSOLE(1434)] "[object HTMLAnchorElement]", source:  (1434)
[3028:7988:1223/193148.589:INFO:CONSOLE(1434)] "[object HTMLAnchorElement]", source:  (1434)
[3028:7988:1223/193148.715:INFO:CONSOLE(1434)] "[object HTMLAnchorElement]", source:  (1434)
[3028:7988:1223/193148.759:INFO:CONSOLE(1434)] "[object HTMLAnchorElement]", source:  (1434)
[3028:7988:1223/193148.815:INFO:CONSOLE(1434)] "[object HTMLAnchorElement]", source:  (1434)
[3028:7988:1223/193148.862:INFO:CONSOLE(1434)] "[object HTMLAnchorElement]", source:  (1434)
[3028:7988:1223/193148.910:INFO:CONSOLE(1434)] "[object HTMLAnchorElement]", source:  (1434)
[3028:7988:1223/193148.970:INFO:CONSOLE(1434)] "[object HTMLAnchorElement]", source:  (1434)
[3028:7988:1223/193149.013:INFO:CONSOLE(1434)] "[object HTMLAnchorElement]", source:  (1434)
[3028:7988:1223/193149.059:INFO:CONSOLE(1434)] "[object HTMLAnchorElement]", source:  (1434)
[3028:7988:1223/193149.109:INFO:CONSOLE(1434)] "[object HTMLAnchorElement]", source:  (1434)
[3028:7988:1223/193149.144:INFO:CONSOLE(1434)] "[object HTMLAnchorElement]", source:  (1434)
[3028:7988:1223/193149.186:INFO:CONSOLE(1434)] "[object HTMLAnchorElement]", source:  (1434)
[3028:7988:1223/193149.221:INFO:CONSOLE(1434)] "[object HTMLAnchorElement]", source:  (1434)
[3028:7988:1223/193149.601:INFO:CONSOLE(51)] "Loading lightning component: PHSS_ClassListInstructorView", source: https://test-americanredcross.cs63.force.com/learner/apex/GeneratePDFHelper?tour=&isdtp=p1&sfdcIFrameOrigin=https://test-americanredcross.cs63.force.com&nonce=6445ecf9bbdbe063f4d1ec73f6b75e7a92ffd89f628a03a0df79c6637885fb2a&clc=0&sfdcIFrameHost=web (51)
[3028:7988:1223/193149.623:INFO:CONSOLE(154)] "[LEXI:navigator:communication] waiting for connection on page /learner/apex/GeneratePDFHelper", source: https://test-americanredcross.cs63.force.com/learner/jslibrary/1626380124234/sfdc/AuraAlohaFrameNavigator.js (154)
[3028:7988:1223/193149.749:INFO:CONSOLE(37)] "[object Object]", source: https://test-americanredcross.cs63.force.com/libraries/instrumentation/beaconLib.BeaconLibrary.js (37)
[3028:7988:1223/193151.666:INFO:CONSOLE(1434)] "[object HTMLIFrameElement]", source:  (1434)
[3028:7988:1223/193151.692:INFO:CONSOLE(1434)] "[object HTMLIFrameElement]", source:  (1434)
[3028:7988:1223/193153.804:INFO:CONSOLE(1434)] "[object HTMLSelectElement]", source:  (1434)
[3028:7988:1223/193153.829:INFO:CONSOLE(1434)] "[object HTMLSelectElement]", source:  (1434)
[3028:7988:1223/193153.860:INFO:CONSOLE(1434)] "[object HTMLSelectElement]", source:  (1434)
[3028:7988:1223/193153.884:INFO:CONSOLE(1434)] "[object HTMLSelectElement]", source:  (1434)
[3028:7988:1223/193153.914:INFO:CONSOLE(1434)] "[object HTMLSelectElement]", source:  (1434)
[3028:7988:1223/193153.969:INFO:CONSOLE(1434)] "[object HTMLSelectElement]", source:  (1434)
[3028:7988:1223/193154.017:INFO:CONSOLE(1434)] "[object HTMLSelectElement]", source:  (1434)
[3028:7988:1223/193154.053:INFO:CONSOLE(1434)] "[object HTMLSelectElement]", source:  (1434)
[3028:7988:1223/193154.081:INFO:CONSOLE(1434)] "[object HTMLSelectElement]", source:  (1434)
[3028:7988:1223/193154.115:INFO:CONSOLE(1434)] "[object HTMLSelectElement]", source:  (1434)
[3028:7988:1223/193154.166:INFO:CONSOLE(1434)] "[object HTMLSelectElement]", source:  (1434)
[3028:7988:1223/193154.207:INFO:CONSOLE(1434)] "[object HTMLSelectElement]", source:  (1434)
[3028:7988:1223/193154.301:INFO:CONSOLE(1434)] "[object HTMLSelectElement]", source:  (1434)
[3028:7988:1223/193154.332:INFO:CONSOLE(1434)] "[object HTMLSelectElement]", source:  (1434)
[3028:7988:1223/193154.368:INFO:CONSOLE(1434)] "[object HTMLSelectElement]", source:  (1434)
[3028:7988:1223/193154.419:INFO:CONSOLE(1434)] "[object HTMLSelectElement]", source:  (1434)
[3028:7988:1223/193154.572:INFO:CONSOLE(1434)] "[object HTMLIFrameElement]", source:  (1434)
[3028:7988:1223/193154.595:INFO:CONSOLE(1434)] "[object HTMLIFrameElement]", source:  (1434)
[3028:7988:1223/193154.653:INFO:CONSOLE(174)] "DCG!! result: [{"Id":"ALL","Name":"ALL"},{"Id":"0050V0000062CCpQAM","Name":"Adam Kristick"},{"Id":"0050V000006lfToQAI","Name":"Alison Smith"},{"Id":"005d0000005pOfzAAE","Name":"Ann Kress"},{"Id":"0053o0000082ZT5AAM","Name":"Ashley David"},{"Id":"0053o000008XqOjAAK","Name":"Austin Nye"},{"Id":"005d0000005opI6AAI","Name":"Blair Crosscup"},{"Id":"0050V000006curzQAA","Name":"Brian Bonn"},{"Id":"0050V000006lwT5QAI","Name":"Brooke Bartko"},{"Id":"0050V000007LzqQQAS","Name":"Chloe Goddard"},{"Id":"0050V0000074pl6QAA","Name":"Chris Long"},{"Id":"005d0000005oCQWAA2","Name":"Cineva Smith"},{"Id":"0050V000007uPGDQA2","Name":"Conor Russo"},{"Id":"0053o000008cxcXAAQ","Name":"Dallas Kane"},{"Id":"0050V000007MDvFQAW","Name":"Darlene Union"},{"Id":"0053o000008ofFeAAI","Name":"Dave Hardy"},{"Id":"0053o0000083PfRAAU","Name":"Dawn DeCicco"},{"Id":"0050V0000074Iv4QAE","Name":"Douglas Deane"},{"Id":"005d0000005pPz0AAE","Name":"Hannah McMillen"},{"Id":"0053o000009Hm7vAAC","Name":"Hannahlore Debenham"},{"Id":"0050V000007uPGQQA2","Name":"Harrison Curnutte"},{"Id":"0053o00000841TjAAI","Name":"Hayley Lynch"},{"Id":"0053o000009UC4WAAW","Name":"Houston Howell"},{"Id":"005d0000005pMsTAAU","Name":"Jackson O'Brien"},{"Id":"0053o0000091X2TAAU","Name":"Jacob Kuney"},{"Id":"005d0000005oBUvAAM","Name":"Jennifer Kitzmiller"},{"Id":"0053o0000082djaAAA","Name":"Jeremy Mortorff"},{"Id":"0050V000007411pQAA","Name":"Jeremy Simon"},{"Id":"0053o000008dbJVAAY","Name":"Jill Black"},{"Id":"0050V000007twPoQAI","Name":"Joe DeMario"},{"Id":"0053o000008VCoNAAW","Name":"Kathy Long"},{"Id":"0050V000007MovlQAC","Name":"Kenneth Mihalyov"},{"Id":"0050V000006K1uRQAS","Name":"Krysia Rieker"},{"Id":"0053o000009TFHgAAO","Name":"Luke Myers"},{"Id":"005d0000005p54CAAQ","Name":"Maria Reusing"},{"Id":"0053o0000095L59AAE","Name":"Mark Fye"},{"Id":"0050V000007MowYQAS","Name":"Nicholas Budzynski"},{"Id":"005d0000005pNyOAAU","Name":"Nichole Batiz"},{"Id":"0053o00000932srAAA","Name":"Nick Budzynski"},{"Id":"005d0000005oQhEAAU","Name":"Owen Long"},{"Id":"0053o000009JKYhAAO","Name":"Savannah Black"},{"Id":"005d0000005pbOuAAI","Name":"Tayler Thorne"},{"Id":"0050V000007txT7QAI","Name":"Zacharias Callis"}]", source: https://test-americanredcross.cs63.force.com/learner/apex/components/c/PHSS_ClassListInstructorView.js (174)
[3028:7988:1223/193156.681:INFO:CONSOLE(1434)] "[object HTMLSelectElement]", source:  (1434)
[3028:7988:1223/193156.706:INFO:CONSOLE(1434)] "[object HTMLSelectElement]", source:  (1434)
[3028:7988:1223/193156.739:INFO:CONSOLE(1434)] "[object HTMLSelectElement]", source:  (1434)
[3028:7988:1223/193156.772:INFO:CONSOLE(1434)] "[object HTMLSelectElement]", source:  (1434)
[3028:7988:1223/193156.803:INFO:CONSOLE(1434)] "[object HTMLSelectElement]", source:  (1434)
[3028:7988:1223/193156.835:INFO:CONSOLE(1434)] "[object HTMLSelectElement]", source:  (1434)
[3028:7988:1223/193156.884:INFO:CONSOLE(1434)] "[object HTMLSelectElement]", source:  (1434)
[3028:7988:1223/193156.924:INFO:CONSOLE(1434)] "[object HTMLSelectElement]", source:  (1434)
[3028:7988:1223/193156.956:INFO:CONSOLE(1434)] "[object HTMLSelectElement]", source:  (1434)
[3028:7988:1223/193156.996:INFO:CONSOLE(1434)] "[object HTMLSelectElement]", source:  (1434)
[3028:7988:1223/193157.046:INFO:CONSOLE(1434)] "[object HTMLSelectElement]", source:  (1434)
[3028:7988:1223/193157.104:INFO:CONSOLE(1434)] "[object HTMLSelectElement]", source:  (1434)
[3028:7988:1223/193157.233:INFO:CONSOLE(1434)] "[object HTMLSelectElement]", source:  (1434)
[3028:7988:1223/193157.274:INFO:CONSOLE(1434)] "[object HTMLSelectElement]", source:  (1434)
[3028:7988:1223/193157.324:INFO:CONSOLE(1434)] "[object HTMLSelectElement]", source:  (1434)
[3028:7988:1223/193157.517:INFO:CONSOLE(1434)] "[object HTMLSelectElement]", source:  (1434)
[3028:7988:1223/193157.783:INFO:CONSOLE(192)] "account..0010V00002NuadLQAR", source: https://test-americanredcross.cs63.force.com/learner/apex/components/c/PHSS_ClassListInstructorView.js (192)
[3028:7988:1223/193157.783:INFO:CONSOLE(193)] "instructor..0053o00000841TjAAI", source: https://test-americanredcross.cs63.force.com/learner/apex/components/c/PHSS_ClassListInstructorView.js (193)
[3028:7988:1223/193157.868:INFO:CONSOLE(1434)] "[object HTMLIFrameElement]", source:  (1434)
[3028:7988:1223/193157.891:INFO:CONSOLE(1434)] "[object HTMLIFrameElement]", source:  (1434)
[3028:7988:1223/193157.940:INFO:CONSOLE(244)] "sortField = startDate", source: https://test-americanredcross.cs63.force.com/learner/apex/components/c/PHSS_ClassListInstructorView.js (244)
[3028:7988:1223/193157.941:INFO:CONSOLE(245)] "sortOrder = asc", source: https://test-americanredcross.cs63.force.com/learner/apex/components/c/PHSS_ClassListInstructorView.js (245)
[3028:7988:1223/193219.850:INFO:CONSOLE(1)] "[@devforce/trailhead-client-logger]: Tracking is not currently enabled", source: https://ui.trailhead.com/components/v2.13.0/modules/trailhead-client-logger.js (1)
[3028:7988:1223/193219.866:INFO:CONSOLE(1)] "[@devforce/trailhead-client-logger]: Tracking is not currently enabled", source: https://ui.trailhead.com/components/v2.13.0/modules/trailhead-client-logger.js (1)
[3028:7988:1223/193220.266:WARNING:pref_notifier_impl.cc(40)] Pref observer for media_router.cast_allow_all_ips found at shutdown.
